=========================================
Step 3: Compute Pose Mismatch
Action-Video Mismatch Experiment - Phase 1
=========================================

Job ID: 9628313
Node: node1615
Start time: Tue Feb 24 15:03:18 EST 2026

Python: /home/akshatat/.conda/envs/mech_interp_gpu/bin/python
Python version: Python 3.10.14

=========================================
Computing rotation errors and drift...
=========================================

============================================================
STEP 3: Compute pose mismatch
============================================================
  sample_0000: 8 frames
    Relative rot error: mean=1.46°, max=3.80°
    Cumulative drift at final frame: 3.39°
  sample_0001: 8 frames
    Relative rot error: mean=0.79°, max=1.36°
    Cumulative drift at final frame: 4.81°
  sample_0002: 8 frames
    Relative rot error: mean=3.17°, max=5.66°
    Cumulative drift at final frame: 19.28°
  sample_0003: 8 frames
    Relative rot error: mean=5.02°, max=7.98°
    Cumulative drift at final frame: 32.28°
  sample_0004: 8 frames
    Relative rot error: mean=2.70°, max=9.89°
    Cumulative drift at final frame: 16.73°

  Saved: runs/action_mismatch/aggregate/mismatch_all.csv

  OVERALL STATISTICS:
  Samples analyzed: 5

  Per-frame relative rotation error:
    Mean:   2.63°
    Median: 1.51°
    Std:    2.55°

  Cumulative drift at final frame:
    Mean:   15.30°
    Median: 16.73°
    10th %: 3.96°
    90th %: 27.08°
  Plot 1 saved: runs/action_mismatch/aggregate/rot_err_vs_time.png
  Plot 2 saved: runs/action_mismatch/aggregate/rot_err_histogram.png
  Plot 3 saved: runs/action_mismatch/aggregate/rel_rot_err_vs_time.png

  ✅ Phase 1 complete!
  You've quantified the accumulation of divergence.
  Next: run step4_fabricate_and_evaluate.py for Phase 2.

=========================================
Step 3 Complete - PHASE 1 DONE!
=========================================
Exit code: 0
End time: Tue Feb 24 15:03:25 EST 2026

Results saved to:
total 260K
-rw-rw-r-- 1 akshatat akshatat 3.1K Feb 24 15:03 mismatch_all.csv
-rw-rw-r-- 1 akshatat akshatat  89K Feb 24 15:03 rel_rot_err_vs_time.png
-rw-rw-r-- 1 akshatat akshatat  47K Feb 24 15:03 rot_err_histogram.png
-rw-rw-r-- 1 akshatat akshatat 103K Feb 24 15:03 rot_err_vs_time.png

Drift statistics:
sample_id,t,rot_err_deg,error_type
sample_0000,1,3.8014896333039427,relative
sample_0000,2,1.9154039565869996,relative
sample_0000,3,0.7241573985035723,relative
sample_0000,4,0.22985018505318222,relative
sample_0000,5,0.1506578634376723,relative
sample_0000,6,0.34006118380071554,relative
sample_0000,7,3.05783871569597,relative
sample_0000,0,0.0,cumulative
sample_0000,1,3.8014896333039427,cumulative
sample_0000,2,5.656568475094304,cumulative
sample_0000,3,6.334979809723259,cumulative
sample_0000,4,6.5229358949684135,cumulative
sample_0000,5,6.540365340073278,cumulative
sample_0000,6,6.26287049453149,cumulative
sample_0000,7,3.389447703982183,cumulative
sample_0001,1,0.7312019658392336,relative
sample_0001,2,1.3594112519795671,relative
sample_0001,3,0.749387989578397,relative
sample_0001,4,0.5712977408518038,relative
