=========================================
Step 1: Generate Videos with DFoT
Action-Video Mismatch Experiment
=========================================

Job ID: 9244424
Node: node3402
Start time: Sat Feb 14 17:52:09 EST 2026
GPU: 0

Python: /home/akshatat/.conda/envs/mech_interp_gpu/bin/python
Python version: Python 3.10.19

Checking GPU availability...
Sat Feb 14 17:52:13 2026       
+-----------------------------------------------------------------------------------------+
| NVIDIA-SMI 580.105.08             Driver Version: 580.105.08     CUDA Version: 13.0     |
+-----------------------------------------+------------------------+----------------------+
| GPU  Name                 Persistence-M | Bus-Id          Disp.A | Volatile Uncorr. ECC |
| Fan  Temp   Perf          Pwr:Usage/Cap |           Memory-Usage | GPU-Util  Compute M. |
|                                         |                        |               MIG M. |
|=========================================+========================+======================|
|   0  NVIDIA L40S                    On  |   00000000:4A:00.0 Off |                    0 |
| N/A   28C    P8             33W /  350W |       0MiB /  46068MiB |      0%      Default |
|                                         |                        |                  N/A |
+-----------------------------------------+------------------------+----------------------+

+-----------------------------------------------------------------------------------------+
| Processes:                                                                              |
|  GPU   GI   CI              PID   Type   Process name                        GPU Memory |
|        ID   ID                                                               Usage      |
|=========================================================================================|
|  No running processes found                                                             |
+-----------------------------------------------------------------------------------------+

=========================================
Starting DFoT video generation...
=========================================

============================================================
STEP 1: Generate videos with DFoT
============================================================

Generating 5 videos with DFoT...
  History frames: 4
  Future frames:  8
  Frame skip:     20
  Checkpoint:     DFoT_RE10K.ckpt

  Full command:
  cd diffusion-forcing-transformer && \
  python main.py +name=action_mismatch_step1 dataset=realestate10k_mini algorithm=dfot_video_pose experiment=video_generation @diffusion/continuous load=pretrained:DFoT_RE10K.ckpt wandb.entity=akshatatiwari55 wandb.mode=offline +algorithm.diffusion.training_schedule.name=cosine +algorithm.diffusion.training_schedule.shift=0.125 +algorithm.diffusion.loss_weighting.sigmoid_bias=-1.0 experiment.tasks=[validation] experiment.validation.data.shuffle=False experiment.validation.batch_size=1 dataset.context_length=4 dataset.frame_skip=20 dataset.n_frames=12 dataset.num_eval_videos=5 algorithm.tasks.prediction.history_guidance.name=vanilla +algorithm.tasks.prediction.history_guidance.guidance_scale=4.0

  DFoT failed. Last 1000 chars of stderr:
nResearch/diffusion-forcing-transformer/algorithms/dfot/dfot_video_pose.py", line 21, in __init__
    super().__init__(cfg)
  File "/orcd/home/002/akshatat/VisionResearch/diffusion-forcing-transformer/algorithms/dfot/dfot_video.py", line 82, in __init__
    super().__init__(cfg)
  File "/orcd/home/002/akshatat/VisionResearch/diffusion-forcing-transformer/algorithms/common/base_pytorch_algo.py", line 28, in __init__
    self._build_model()
  File "/orcd/home/002/akshatat/VisionResearch/diffusion-forcing-transformer/algorithms/dfot/dfot_video.py", line 109, in _build_model
    diffusion_cls(
  File "/orcd/home/002/akshatat/VisionResearch/diffusion-forcing-transformer/algorithms/dfot/diffusion/continuous_diffusion.py", line 105, in __init__
    self.objective == "pred_v" and self.loss_weighting.strategy == "sigmoid"
AssertionError: ContinuousDiffusion only supports 'pred_v' objective and 'sigmoid' loss weighting

Set the environment variable HYDRA_FULL_ERROR=1 for a complete stack trace.


  Falling back to mock outputs for development...

  Creating MOCK outputs for development...
  Created 5 mock samples in runs/action_mismatch/generated
  These have RANDOM data — replace with real DFoT outputs!

=========================================
Step 1 Complete
=========================================
Exit code: 0
End time: Sat Feb 14 17:52:43 EST 2026

Generated outputs:
total 20K
-rw-rw-r-- 1 akshatat akshatat  986 Feb 14 17:52 manifest.json
drwxrwxr-x 3 akshatat akshatat 4.0K Feb 14 15:13 sample_0000
drwxrwxr-x 3 akshatat akshatat 4.0K Feb 14 15:13 sample_0001
drwxrwxr-x 3 akshatat akshatat 4.0K Feb 14 15:13 sample_0002
drwxrwxr-x 3 akshatat akshatat 4.0K Feb 14 15:13 sample_0003
drwxrwxr-x 3 akshatat akshatat 4.0K Feb 14 15:13 sample_0004
