=========================================
Step 5: Regenerate with Corrupted Poses
Action-Video Mismatch Experiment - Phase 2
=========================================

Job ID: 9626402
Node: node3004
Start time: Tue Feb 24 14:06:18 EST 2026
GPU: 0,1

Python: /home/akshatat/.conda/envs/mech_interp_gpu/bin/python
Python version: Python 3.10.14

Checking GPU availability...
Tue Feb 24 14:06:22 2026       
+-----------------------------------------------------------------------------------------+
| NVIDIA-SMI 590.48.01              Driver Version: 590.48.01      CUDA Version: 13.1     |
+-----------------------------------------+------------------------+----------------------+
| GPU  Name                 Persistence-M | Bus-Id          Disp.A | Volatile Uncorr. ECC |
| Fan  Temp   Perf          Pwr:Usage/Cap |           Memory-Usage | GPU-Util  Compute M. |
|                                         |                        |               MIG M. |
|=========================================+========================+======================|
|   0  NVIDIA L40S                    On  |   00000000:4A:00.0 Off |                    0 |
| N/A   33C    P8             33W /  350W |       0MiB /  46068MiB |      0%      Default |
|                                         |                        |                  N/A |
+-----------------------------------------+------------------------+----------------------+
|   1  NVIDIA L40S                    On  |   00000000:61:00.0 Off |                    0 |
| N/A   30C    P8             33W /  350W |       0MiB /  46068MiB |      0%      Default |
|                                         |                        |                  N/A |
+-----------------------------------------+------------------------+----------------------+

+-----------------------------------------------------------------------------------------+
| Processes:                                                                              |
|  GPU   GI   CI              PID   Type   Process name                        GPU Memory |
|        ID   ID                                                               Usage      |
|=========================================================================================|
|  No running processes found                                                             |
+-----------------------------------------------------------------------------------------+

=========================================
Starting corrupted pose regeneration...
=========================================

============================================================
STEP 5: Regenerate videos with corrupted poses
============================================================
  Phase 1 median drift: 0.30 deg
  Corruption scales: [10.0, 50.0, 100.0]
  Runner: diffusion-forcing-transformer/_phase2_runner.py

--- Extracting GT future frames from clean baseline ---
  GT frames saved to runs/action_mismatch/phase2/gt_frames_sample_*/

============================================================
  CORRUPTION SCALE = 10.0  (~3.0 deg final)
============================================================
  Pre-run wandb dirs: 0

  [RUN] DFoT with corruption scale=10.0
    cwd: diffusion-forcing-transformer
    Expected final corruption: ~3.0 deg

  [FAILED] scale=10.0
  stderr (tail):
 a/envs/mech_interp_gpu/lib/python3.10/site-packages/pyiqa/archs/__init__.py", line 17, in <module>
    _arch_modules = [importlib.import_module(f'pyiqa.archs.{file_name}') for file_name in arch_filenames]
  File "/home/akshatat/.conda/envs/mech_interp_gpu/lib/python3.10/site-packages/pyiqa/archs/__init__.py", line 17, in <listcomp>
    _arch_modules = [importlib.import_module(f'pyiqa.archs.{file_name}') for file_name in arch_filenames]
  File "/home/akshatat/.conda/envs/mech_interp_gpu/lib/python3.10/importlib/__init__.py", line 126, in import_module
    return _bootstrap._gcd_import(name[level:], package, level)
  File "/home/akshatat/.conda/envs/mech_interp_gpu/lib/python3.10/site-packages/pyiqa/archs/musiq_arch.py", line 19, in <module>
    from pyiqa.data.multiscale_trans_util import get_multiscale_patches
  File "/home/akshatat/.conda/envs/mech_interp_gpu/lib/python3.10/site-packages/pyiqa/data/__init__.py", line 22, in <module>
    _dataset_modules = [importlib.import_module(f'pyiqa.data.{file_name}') for file_name in dataset_filenames]
  File "/home/akshatat/.conda/envs/mech_interp_gpu/lib/python3.10/site-packages/pyiqa/data/__init__.py", line 22, in <listcomp>
    _dataset_modules = [importlib.import_module(f'pyiqa.data.{file_name}') for file_name in dataset_filenames]
  File "/home/akshatat/.conda/envs/mech_interp_gpu/lib/python3.10/importlib/__init__.py", line 126, in import_module
    return _bootstrap._gcd_import(name[level:], package, level)
  File "/home/akshatat/.conda/envs/mech_interp_gpu/lib/python3.10/site-packages/pyiqa/data/ava_dataset.py", line 12, in <module>
    from .base_iqa_dataset import BaseIQADataset
  File "/home/akshatat/.conda/envs/mech_interp_gpu/lib/python3.10/site-packages/pyiqa/data/base_iqa_dataset.py", line 6, in <module>
    from pyiqa.data.data_util import read_meta_info_file
  File "/home/akshatat/.conda/envs/mech_interp_gpu/lib/python3.10/site-packages/pyiqa/data/data_util.py", line 9, in <module>
    from pyiqa.data.transforms import mod_crop
  File "/home/akshatat/.conda/envs/mech_interp_gpu/lib/python3.10/site-packages/pyiqa/data/transforms.py", line 7, in <module>
    from imgaug import augmenters as iaa
  File "/home/akshatat/.conda/envs/mech_interp_gpu/lib/python3.10/site-packages/imgaug/__init__.py", line 7, in <module>
    from imgaug.imgaug import *  # pylint: disable=redefined-builtin
  File "/home/akshatat/.conda/envs/mech_interp_gpu/lib/python3.10/site-packages/imgaug/imgaug.py", line 45, in <module>
    NP_FLOAT_TYPES = set(np.sctypes["float"])
  File "/home/akshatat/.conda/envs/mech_interp_gpu/lib/python3.10/site-packages/numpy/__init__.py", line 400, in __getattr__
    raise AttributeError(
AttributeError: `np.sctypes` was removed in the NumPy 2.0 release. Access dtypes explicitly instead.

Set the environment variable HYDRA_FULL_ERROR=1 for a complete stack trace.
[rank: 1] Child process with PID 4068403 terminated with code 1. Forcefully terminating all other processes to avoid zombies 🧟

  stdout (tail):
 [Phase2] Patch applied (scale=10.0)
[36mOutputs will be saved to:[39m /orcd/home/002/akshatat/VisionResearch/diffusion-forcing-transformer/outputs/2026-02-24/14-06-33
[36mExecuting task:[39m validation out of ['validation']

  Skipping frame extraction for scale=10.0

============================================================
  CORRUPTION SCALE = 50.0  (~15.0 deg final)
============================================================
  Pre-run wandb dirs: 0

  [RUN] DFoT with corruption scale=50.0
    cwd: diffusion-forcing-transformer
    Expected final corruption: ~15.0 deg

  [FAILED] scale=50.0
  stderr (tail):
 a/envs/mech_interp_gpu/lib/python3.10/site-packages/pyiqa/archs/__init__.py", line 17, in <module>
    _arch_modules = [importlib.import_module(f'pyiqa.archs.{file_name}') for file_name in arch_filenames]
  File "/home/akshatat/.conda/envs/mech_interp_gpu/lib/python3.10/site-packages/pyiqa/archs/__init__.py", line 17, in <listcomp>
    _arch_modules = [importlib.import_module(f'pyiqa.archs.{file_name}') for file_name in arch_filenames]
  File "/home/akshatat/.conda/envs/mech_interp_gpu/lib/python3.10/importlib/__init__.py", line 126, in import_module
    return _bootstrap._gcd_import(name[level:], package, level)
  File "/home/akshatat/.conda/envs/mech_interp_gpu/lib/python3.10/site-packages/pyiqa/archs/musiq_arch.py", line 19, in <module>
    from pyiqa.data.multiscale_trans_util import get_multiscale_patches
  File "/home/akshatat/.conda/envs/mech_interp_gpu/lib/python3.10/site-packages/pyiqa/data/__init__.py", line 22, in <module>
    _dataset_modules = [importlib.import_module(f'pyiqa.data.{file_name}') for file_name in dataset_filenames]
  File "/home/akshatat/.conda/envs/mech_interp_gpu/lib/python3.10/site-packages/pyiqa/data/__init__.py", line 22, in <listcomp>
    _dataset_modules = [importlib.import_module(f'pyiqa.data.{file_name}') for file_name in dataset_filenames]
  File "/home/akshatat/.conda/envs/mech_interp_gpu/lib/python3.10/importlib/__init__.py", line 126, in import_module
    return _bootstrap._gcd_import(name[level:], package, level)
  File "/home/akshatat/.conda/envs/mech_interp_gpu/lib/python3.10/site-packages/pyiqa/data/ava_dataset.py", line 12, in <module>
    from .base_iqa_dataset import BaseIQADataset
  File "/home/akshatat/.conda/envs/mech_interp_gpu/lib/python3.10/site-packages/pyiqa/data/base_iqa_dataset.py", line 6, in <module>
    from pyiqa.data.data_util import read_meta_info_file
  File "/home/akshatat/.conda/envs/mech_interp_gpu/lib/python3.10/site-packages/pyiqa/data/data_util.py", line 9, in <module>
    from pyiqa.data.transforms import mod_crop
  File "/home/akshatat/.conda/envs/mech_interp_gpu/lib/python3.10/site-packages/pyiqa/data/transforms.py", line 7, in <module>
    from imgaug import augmenters as iaa
  File "/home/akshatat/.conda/envs/mech_interp_gpu/lib/python3.10/site-packages/imgaug/__init__.py", line 7, in <module>
    from imgaug.imgaug import *  # pylint: disable=redefined-builtin
  File "/home/akshatat/.conda/envs/mech_interp_gpu/lib/python3.10/site-packages/imgaug/imgaug.py", line 45, in <module>
    NP_FLOAT_TYPES = set(np.sctypes["float"])
  File "/home/akshatat/.conda/envs/mech_interp_gpu/lib/python3.10/site-packages/numpy/__init__.py", line 400, in __getattr__
    raise AttributeError(
AttributeError: `np.sctypes` was removed in the NumPy 2.0 release. Access dtypes explicitly instead.

Set the environment variable HYDRA_FULL_ERROR=1 for a complete stack trace.
[rank: 1] Child process with PID 4068518 terminated with code 1. Forcefully terminating all other processes to avoid zombies 🧟

  stdout (tail):
 [Phase2] Patch applied (scale=50.0)
[36mOutputs will be saved to:[39m /orcd/home/002/akshatat/VisionResearch/diffusion-forcing-transformer/outputs/2026-02-24/14-06-55
[36mExecuting task:[39m validation out of ['validation']

  Skipping frame extraction for scale=50.0

============================================================
  CORRUPTION SCALE = 100.0  (~30.0 deg final)
============================================================
  Pre-run wandb dirs: 0

  [RUN] DFoT with corruption scale=100.0
    cwd: diffusion-forcing-transformer
    Expected final corruption: ~30.0 deg

  [FAILED] scale=100.0
  stderr (tail):
 a/envs/mech_interp_gpu/lib/python3.10/site-packages/pyiqa/archs/__init__.py", line 17, in <module>
    _arch_modules = [importlib.import_module(f'pyiqa.archs.{file_name}') for file_name in arch_filenames]
  File "/home/akshatat/.conda/envs/mech_interp_gpu/lib/python3.10/site-packages/pyiqa/archs/__init__.py", line 17, in <listcomp>
    _arch_modules = [importlib.import_module(f'pyiqa.archs.{file_name}') for file_name in arch_filenames]
  File "/home/akshatat/.conda/envs/mech_interp_gpu/lib/python3.10/importlib/__init__.py", line 126, in import_module
    return _bootstrap._gcd_import(name[level:], package, level)
  File "/home/akshatat/.conda/envs/mech_interp_gpu/lib/python3.10/site-packages/pyiqa/archs/musiq_arch.py", line 19, in <module>
    from pyiqa.data.multiscale_trans_util import get_multiscale_patches
  File "/home/akshatat/.conda/envs/mech_interp_gpu/lib/python3.10/site-packages/pyiqa/data/__init__.py", line 22, in <module>
    _dataset_modules = [importlib.import_module(f'pyiqa.data.{file_name}') for file_name in dataset_filenames]
  File "/home/akshatat/.conda/envs/mech_interp_gpu/lib/python3.10/site-packages/pyiqa/data/__init__.py", line 22, in <listcomp>
    _dataset_modules = [importlib.import_module(f'pyiqa.data.{file_name}') for file_name in dataset_filenames]
  File "/home/akshatat/.conda/envs/mech_interp_gpu/lib/python3.10/importlib/__init__.py", line 126, in import_module
    return _bootstrap._gcd_import(name[level:], package, level)
  File "/home/akshatat/.conda/envs/mech_interp_gpu/lib/python3.10/site-packages/pyiqa/data/ava_dataset.py", line 12, in <module>
    from .base_iqa_dataset import BaseIQADataset
  File "/home/akshatat/.conda/envs/mech_interp_gpu/lib/python3.10/site-packages/pyiqa/data/base_iqa_dataset.py", line 6, in <module>
    from pyiqa.data.data_util import read_meta_info_file
  File "/home/akshatat/.conda/envs/mech_interp_gpu/lib/python3.10/site-packages/pyiqa/data/data_util.py", line 9, in <module>
    from pyiqa.data.transforms import mod_crop
  File "/home/akshatat/.conda/envs/mech_interp_gpu/lib/python3.10/site-packages/pyiqa/data/transforms.py", line 7, in <module>
    from imgaug import augmenters as iaa
  File "/home/akshatat/.conda/envs/mech_interp_gpu/lib/python3.10/site-packages/imgaug/__init__.py", line 7, in <module>
    from imgaug.imgaug import *  # pylint: disable=redefined-builtin
  File "/home/akshatat/.conda/envs/mech_interp_gpu/lib/python3.10/site-packages/imgaug/imgaug.py", line 45, in <module>
    NP_FLOAT_TYPES = set(np.sctypes["float"])
  File "/home/akshatat/.conda/envs/mech_interp_gpu/lib/python3.10/site-packages/numpy/__init__.py", line 400, in __getattr__
    raise AttributeError(
AttributeError: `np.sctypes` was removed in the NumPy 2.0 release. Access dtypes explicitly instead.

Set the environment variable HYDRA_FULL_ERROR=1 for a complete stack trace.
[rank: 1] Child process with PID 4068657 terminated with code 1. Forcefully terminating all other processes to avoid zombies 🧟

  stdout (tail):
 [Phase2] Patch applied (scale=100.0)
[36mOutputs will be saved to:[39m /orcd/home/002/akshatat/VisionResearch/diffusion-forcing-transformer/outputs/2026-02-24/14-07-17
[36mExecuting task:[39m validation out of ['validation']

  Skipping frame extraction for scale=100.0

  Step 5 complete!
  Scales generated: []
  Next: run step6_evaluate_phase2.py

=========================================
Step 5 Complete
=========================================
Exit code: 0
End time: Tue Feb 24 14:07:31 EST 2026

Phase 2 generated frames:
runs/action_mismatch/phase2/gt_frames_sample_0000/frame_0000.png
runs/action_mismatch/phase2/gt_frames_sample_0001/frame_0000.png
runs/action_mismatch/phase2/gt_frames_sample_0002/frame_0000.png
runs/action_mismatch/phase2/gt_frames_sample_0003/frame_0000.png
runs/action_mismatch/phase2/gt_frames_sample_0004/frame_0000.png
