=========================================
Step 6: Phase 2 Evaluation
Action-Video Mismatch Experiment - Phase 2
=========================================

Job ID: 9625020
Node: node2804
Start time: Tue Feb 24 13:08:16 EST 2026
GPU: 0

Python: /home/akshatat/.conda/envs/mech_interp_gpu/bin/python
Python version: Python 3.10.14

Checking GPU availability...
Tue Feb 24 13:08:21 2026       
+-----------------------------------------------------------------------------------------+
| NVIDIA-SMI 590.48.01              Driver Version: 590.48.01      CUDA Version: 13.1     |
+-----------------------------------------+------------------------+----------------------+
| GPU  Name                 Persistence-M | Bus-Id          Disp.A | Volatile Uncorr. ECC |
| Fan  Temp   Perf          Pwr:Usage/Cap |           Memory-Usage | GPU-Util  Compute M. |
|                                         |                        |               MIG M. |
|=========================================+========================+======================|
|   0  NVIDIA L40S                    On  |   00000000:E1:00.0 Off |                    0 |
| N/A   32C    P8             33W /  350W |       0MiB /  46068MiB |      0%      Default |
|                                         |                        |                  N/A |
+-----------------------------------------+------------------------+----------------------+

+-----------------------------------------------------------------------------------------+
| Processes:                                                                              |
|  GPU   GI   CI              PID   Type   Process name                        GPU Memory |
|        ID   ID                                                               Usage      |
|=========================================================================================|
|  No running processes found                                                             |
+-----------------------------------------------------------------------------------------+

=========================================
Starting Phase 2 evaluation...
=========================================

============================================================
STEP 6: Evaluate Phase 2 — Impact of Pose Corruption
============================================================
Loading VGGT model...
VGGT loaded successfully.
  Pose oracle: VGGT

--- Scale = 0.0 (clean baseline) ---
Setting up [LPIPS] perceptual loss: trunk [alex], v[0.1], spatial [off]
Loading model from: /home/akshatat/.conda/envs/mech_interp_gpu/lib/python3.10/site-packages/lpips/weights/v0.1/alex.pth
  sample_0000 scale=0.0:  LPIPS=1.0251  pose_err=0.23 deg
Setting up [LPIPS] perceptual loss: trunk [alex], v[0.1], spatial [off]
Loading model from: /home/akshatat/.conda/envs/mech_interp_gpu/lib/python3.10/site-packages/lpips/weights/v0.1/alex.pth
  sample_0001 scale=0.0:  LPIPS=1.0052  pose_err=0.30 deg
Setting up [LPIPS] perceptual loss: trunk [alex], v[0.1], spatial [off]
Loading model from: /home/akshatat/.conda/envs/mech_interp_gpu/lib/python3.10/site-packages/lpips/weights/v0.1/alex.pth
  sample_0002 scale=0.0:  LPIPS=0.9690  pose_err=1.19 deg
Setting up [LPIPS] perceptual loss: trunk [alex], v[0.1], spatial [off]
Loading model from: /home/akshatat/.conda/envs/mech_interp_gpu/lib/python3.10/site-packages/lpips/weights/v0.1/alex.pth
  sample_0003 scale=0.0:  LPIPS=0.9809  pose_err=2.73 deg
Setting up [LPIPS] perceptual loss: trunk [alex], v[0.1], spatial [off]
Loading model from: /home/akshatat/.conda/envs/mech_interp_gpu/lib/python3.10/site-packages/lpips/weights/v0.1/alex.pth
  sample_0004 scale=0.0:  LPIPS=0.9669  pose_err=0.00 deg

--- Scale = 10.0  ---
Setting up [LPIPS] perceptual loss: trunk [alex], v[0.1], spatial [off]
Loading model from: /home/akshatat/.conda/envs/mech_interp_gpu/lib/python3.10/site-packages/lpips/weights/v0.1/alex.pth
  sample_0000 scale=10.0:  LPIPS=1.0251  pose_err=0.23 deg
Setting up [LPIPS] perceptual loss: trunk [alex], v[0.1], spatial [off]
Loading model from: /home/akshatat/.conda/envs/mech_interp_gpu/lib/python3.10/site-packages/lpips/weights/v0.1/alex.pth
  sample_0001 scale=10.0:  LPIPS=1.0052  pose_err=0.30 deg
Setting up [LPIPS] perceptual loss: trunk [alex], v[0.1], spatial [off]
Loading model from: /home/akshatat/.conda/envs/mech_interp_gpu/lib/python3.10/site-packages/lpips/weights/v0.1/alex.pth
  sample_0002 scale=10.0:  LPIPS=0.9690  pose_err=1.19 deg
Setting up [LPIPS] perceptual loss: trunk [alex], v[0.1], spatial [off]
Loading model from: /home/akshatat/.conda/envs/mech_interp_gpu/lib/python3.10/site-packages/lpips/weights/v0.1/alex.pth
  sample_0003 scale=10.0:  LPIPS=0.9809  pose_err=2.73 deg
Setting up [LPIPS] perceptual loss: trunk [alex], v[0.1], spatial [off]
Loading model from: /home/akshatat/.conda/envs/mech_interp_gpu/lib/python3.10/site-packages/lpips/weights/v0.1/alex.pth
  sample_0004 scale=10.0:  LPIPS=0.9669  pose_err=0.00 deg

--- Scale = 50.0  ---
Setting up [LPIPS] perceptual loss: trunk [alex], v[0.1], spatial [off]
Loading model from: /home/akshatat/.conda/envs/mech_interp_gpu/lib/python3.10/site-packages/lpips/weights/v0.1/alex.pth
  sample_0000 scale=50.0:  LPIPS=1.0251  pose_err=0.23 deg
Setting up [LPIPS] perceptual loss: trunk [alex], v[0.1], spatial [off]
Loading model from: /home/akshatat/.conda/envs/mech_interp_gpu/lib/python3.10/site-packages/lpips/weights/v0.1/alex.pth
  sample_0001 scale=50.0:  LPIPS=1.0052  pose_err=0.30 deg
Setting up [LPIPS] perceptual loss: trunk [alex], v[0.1], spatial [off]
Loading model from: /home/akshatat/.conda/envs/mech_interp_gpu/lib/python3.10/site-packages/lpips/weights/v0.1/alex.pth
  sample_0002 scale=50.0:  LPIPS=0.9690  pose_err=1.19 deg
Setting up [LPIPS] perceptual loss: trunk [alex], v[0.1], spatial [off]
Loading model from: /home/akshatat/.conda/envs/mech_interp_gpu/lib/python3.10/site-packages/lpips/weights/v0.1/alex.pth
  sample_0003 scale=50.0:  LPIPS=0.9809  pose_err=2.73 deg
Setting up [LPIPS] perceptual loss: trunk [alex], v[0.1], spatial [off]
Loading model from: /home/akshatat/.conda/envs/mech_interp_gpu/lib/python3.10/site-packages/lpips/weights/v0.1/alex.pth
  sample_0004 scale=50.0:  LPIPS=0.9669  pose_err=0.00 deg

--- Scale = 100.0  ---
Setting up [LPIPS] perceptual loss: trunk [alex], v[0.1], spatial [off]
Loading model from: /home/akshatat/.conda/envs/mech_interp_gpu/lib/python3.10/site-packages/lpips/weights/v0.1/alex.pth
  sample_0000 scale=100.0:  LPIPS=1.0251  pose_err=0.23 deg
Setting up [LPIPS] perceptual loss: trunk [alex], v[0.1], spatial [off]
Loading model from: /home/akshatat/.conda/envs/mech_interp_gpu/lib/python3.10/site-packages/lpips/weights/v0.1/alex.pth
  sample_0001 scale=100.0:  LPIPS=1.0052  pose_err=0.30 deg
Setting up [LPIPS] perceptual loss: trunk [alex], v[0.1], spatial [off]
Loading model from: /home/akshatat/.conda/envs/mech_interp_gpu/lib/python3.10/site-packages/lpips/weights/v0.1/alex.pth
  sample_0002 scale=100.0:  LPIPS=0.9690  pose_err=1.19 deg
Setting up [LPIPS] perceptual loss: trunk [alex], v[0.1], spatial [off]
Loading model from: /home/akshatat/.conda/envs/mech_interp_gpu/lib/python3.10/site-packages/lpips/weights/v0.1/alex.pth
  sample_0003 scale=100.0:  LPIPS=0.9809  pose_err=2.73 deg
Setting up [LPIPS] perceptual loss: trunk [alex], v[0.1], spatial [off]
Loading model from: /home/akshatat/.conda/envs/mech_interp_gpu/lib/python3.10/site-packages/lpips/weights/v0.1/alex.pth
  sample_0004 scale=100.0:  LPIPS=0.9669  pose_err=0.00 deg

  Saved: runs/action_mismatch/phase2/phase2_evaluation.csv

============================================================
PHASE 2 EVALUATION SUMMARY
============================================================
                   lpips         final_pose_error_deg        
                    mean     std                 mean     std
corruption_scale                                             
0.0               0.9894  0.0251               0.8912  1.1253
10.0              0.9894  0.0251               0.8912  1.1253
50.0              0.9894  0.0251               0.8912  1.1253
100.0             0.9894  0.0251               0.8912  1.1253
  Plot saved: runs/action_mismatch/phase2/phase2_evaluation.png

  Phase 2 evaluation complete!

=========================================
Step 6 Complete - PHASE 2 DONE!
=========================================
Exit code: 0
End time: Tue Feb 24 13:09:04 EST 2026

Evaluation results:
sample_id,corruption_scale,lpips,final_pose_error_deg
sample_0000,0.0,1.025144711136818,0.22878187523319074
sample_0001,0.0,1.0051638558506966,0.3000536447363408
sample_0002,0.0,0.9690006226301193,1.1946952985055825
sample_0003,0.0,0.9808578565716743,2.732555013801336
sample_0004,0.0,0.9669202864170074,0.0
sample_0000,10.0,1.025144711136818,0.22878187523319074
sample_0001,10.0,1.0051638558506966,0.3000536447363408
sample_0002,10.0,0.9690006226301193,1.1946952985055825
sample_0003,10.0,0.9808578565716743,2.732555013801336
sample_0004,10.0,0.9669202864170074,0.0
sample_0000,50.0,1.025144711136818,0.22878187523319074
sample_0001,50.0,1.0051638558506966,0.3000536447363408
sample_0002,50.0,0.9690006226301193,1.1946952985055825
sample_0003,50.0,0.9808578565716743,2.732555013801336
sample_0004,50.0,0.9669202864170074,0.0
sample_0000,100.0,1.025144711136818,0.22878187523319074
sample_0001,100.0,1.0051638558506966,0.3000536447363408
sample_0002,100.0,0.9690006226301193,1.1946952985055825
sample_0003,100.0,0.9808578565716743,2.732555013801336
sample_0004,100.0,0.9669202864170074,0.0
