=========================================
Step 1: Generate Videos with DFoT
Action-Video Mismatch Experiment
=========================================

Job ID: 9248469
Node: node3402
Start time: Sat Feb 14 22:06:08 EST 2026
GPU: 0

Python: /home/akshatat/.conda/envs/mech_interp_gpu/bin/python
Python version: Python 3.10.19

Checking GPU availability...
Sat Feb 14 22:06:12 2026       
+-----------------------------------------------------------------------------------------+
| NVIDIA-SMI 580.105.08             Driver Version: 580.105.08     CUDA Version: 13.0     |
+-----------------------------------------+------------------------+----------------------+
| GPU  Name                 Persistence-M | Bus-Id          Disp.A | Volatile Uncorr. ECC |
| Fan  Temp   Perf          Pwr:Usage/Cap |           Memory-Usage | GPU-Util  Compute M. |
|                                         |                        |               MIG M. |
|=========================================+========================+======================|
|   0  NVIDIA L40S                    On  |   00000000:CA:00.0 Off |                    0 |
| N/A   49C    P0             67W /  350W |       0MiB /  46068MiB |      0%      Default |
|                                         |                        |                  N/A |
+-----------------------------------------+------------------------+----------------------+

+-----------------------------------------------------------------------------------------+
| Processes:                                                                              |
|  GPU   GI   CI              PID   Type   Process name                        GPU Memory |
|        ID   ID                                                               Usage      |
|=========================================================================================|
|  No running processes found                                                             |
+-----------------------------------------------------------------------------------------+

=========================================
Starting DFoT video generation...
=========================================

============================================================
STEP 1: Generate videos with DFoT
============================================================

[Preflight]

[RUN]
  cwd: diffusion-forcing-transformer
  cmd: python -c import main; print('ok')
[Warn] DFOT_CHECKPOINT looks like a file/path but does not exist: DFoT_RE10K.ckpt
      If you intended pretrained name (e.g. DFoT_RE10K.ckpt), set it exactly like DFoT wiki uses.

[RUN]
  cwd: diffusion-forcing-transformer
  cmd: python -m main +name=action_mismatch_step1 dataset=realestate10k_mini algorithm=dfot_video_pose experiment=video_generation @diffusion/continuous load=pretrained:DFoT_RE10K.ckpt algorithm.checkpoint.strict=false experiment.tasks=[validation] experiment.validation.data.shuffle=False dataset.context_length=4 dataset.frame_skip=20 dataset.n_frames=12 experiment.validation.batch_size=1 dataset.num_eval_videos=5 algorithm.tasks.prediction.history_guidance.name=vanilla +algorithm.tasks.prediction.history_guidance.guidance_scale=4.0 wandb.entity=akshatatiwari55 wandb.mode=offline dataset.subdataset_size=null experiment.reload_dataloaders_every_n_epochs=0 algorithm.backbone.channels=[128,256,576,1152] algorithm.backbone.num_updown_blocks=[3,3,6] algorithm.backbone.num_mid_blocks=20 algorithm.backbone.num_heads=9 ++algorithm.diffusion.training_schedule.name=cosine ++algorithm.diffusion.training_schedule.shift=0.125 ++algorithm.diffusion.loss_weighting.strategy=sigmoid ++algorithm.diffusion.loss_weighting.sigmoid_bias=-1.0

[DFoT OK]
stdout (tail):
 |██        | 1/5 [00:27<01:48,  0.04it/s]
Validation DataLoader 0:  40%|████      | 2/5 [00:47<01:11,  0.04it/s]
Validation DataLoader 0:  60%|██████    | 3/5 [01:08<00:45,  0.04it/s]
Validation DataLoader 0:  80%|████████  | 4/5 [01:28<00:22,  0.04it/s]
Validation DataLoader 0: 100%|██████████| 5/5 [01:49<00:00,  0.05it/s]
Validation DataLoader 0: 100%|██████████| 5/5 [01:50<00:00,  0.05it/s]
────────────────────────────────────────────────────────────────────────────────────────────────────────────────────────
     Validate metric           DataLoader 0
────────────────────────────────────────────────────────────────────────────────────────────────────────────────────────
     prediction/fid                629.0
     prediction/fvd               2274.0
      prediction/is              2.7421875
    prediction/lpips        0.7212280035018921
     prediction/mse         0.31028303503990173
     prediction/psnr        5.0824198722839355
     prediction/ssim       0.0007638192619197071
────────────────────────────────────────────────────────────────────────────────────────────────────────────────────────
[1;34mwandb[0m: 
[1;34mwandb[0m: You can sync this run to the cloud by running:
[1;34mwandb[0m: [1mwandb sync /orcd/home/002/akshatat/VisionResearch/diffusion-forcing-transformer/outputs/2026-02-14/22-06-32/wandb/offline-run-20260214_220637-at78htfr[0m
[1;34mwandb[0m: Find logs at: [1;35moutputs/2026-02-14/22-06-32/wandb/offline-run-20260214_220637-at78htfr/logs[0m


[Discovered]
{
  "hydra_runs": 5,
  "wandb_runs": 0,
  "videos": 0,
  "gifs": 10,
  "frames_dirs": 0,
  "poses": 0
}

[Done] Wrote manifest: runs/action_mismatch/generated/manifest.json
[Done] Staged samples under: runs/action_mismatch/generated

=========================================
Step 1 Complete
=========================================
Exit code: 0
End time: Sat Feb 14 22:09:10 EST 2026

Generated outputs:
total 20K
-rw-rw-r-- 1 akshatat akshatat 3.8K Feb 14 22:09 manifest.json
drwxrwxr-x 5 akshatat akshatat 4.0K Feb 14 22:09 sample_0000
drwxrwxr-x 5 akshatat akshatat 4.0K Feb 14 22:09 sample_0001
drwxrwxr-x 5 akshatat akshatat 4.0K Feb 14 22:09 sample_0002
drwxrwxr-x 5 akshatat akshatat 4.0K Feb 14 22:09 sample_0003
drwxrwxr-x 5 akshatat akshatat 4.0K Feb 14 22:09 sample_0004
