Lmod has detected the following error: The following module(s) are unknown:
"python/3.10"

Please check the spelling or version number. Also try "module spider ..."
It is also possible your cache file is out-of-date; it may help to try:
  $ module --ignore_cache load "python/3.10"

Also make sure that all modulefiles written in TCL start with the string
#%Module



Lmod has detected the following error: The following module(s) are unknown:
"cuda/12.1"

Please check the spelling or version number. Also try "module spider ..."
It is also possible your cache file is out-of-date; it may help to try:
  $ module --ignore_cache load "cuda/12.1"

Also make sure that all modulefiles written in TCL start with the string
#%Module



flatpak: error while loading shared libraries: libssl.so.10: cannot open shared object file: No such file or directory
Lmod has detected the following error: The following module(s) are unknown:
"slurm"

Please check the spelling or version number. Also try "module spider ..."
It is also possible your cache file is out-of-date; it may help to try:
  $ module --ignore_cache load "slurm"

Also make sure that all modulefiles written in TCL start with the string
#%Module



