=========================================
Step 2: Estimate Poses (VGGT Oracle)
Action-Video Mismatch Experiment
=========================================

Job ID: 9248569
Node: node3406
Start time: Sat Feb 14 22:17:08 EST 2026
GPU: 0

Python: /home/akshatat/.conda/envs/mech_interp_gpu/bin/python
Python version: Python 3.10.19

Checking GPU availability...
Sat Feb 14 22:17:11 2026       
+-----------------------------------------------------------------------------------------+
| NVIDIA-SMI 590.48.01              Driver Version: 590.48.01      CUDA Version: 13.1     |
+-----------------------------------------+------------------------+----------------------+
| GPU  Name                 Persistence-M | Bus-Id          Disp.A | Volatile Uncorr. ECC |
| Fan  Temp   Perf          Pwr:Usage/Cap |           Memory-Usage | GPU-Util  Compute M. |
|                                         |                        |               MIG M. |
|=========================================+========================+======================|
|   0  NVIDIA L40S                    On  |   00000000:4A:00.0 Off |                    0 |
| N/A   28C    P8             33W /  350W |       0MiB /  46068MiB |      0%      Default |
|                                         |                        |                  N/A |
+-----------------------------------------+------------------------+----------------------+

+-----------------------------------------------------------------------------------------+
| Processes:                                                                              |
|  GPU   GI   CI              PID   Type   Process name                        GPU Memory |
|        ID   ID                                                               Usage      |
|=========================================================================================|
|  No running processes found                                                             |
+-----------------------------------------------------------------------------------------+

=========================================
Starting pose estimation with VGGT...
=========================================

============================================================
STEP 2: Estimate poses from generated videos (VGGT oracle)
============================================================
  Found 5 samples
  Could not load VGGT: /lib64/libstdc++.so.6: version `GLIBCXX_3.4.31' not found (required by /home/akshatat/.conda/envs/mech_interp_gpu/lib/python3.10/site-packages/optree/_C.cpython-310-x86_64-linux-gnu.so)
  Using OpenCV fallback pose estimator
  WARNING: Less accurate than VGGT. Swap in VGGT when available.
  Processing sample_0000 (8 frames)...
  Saved: runs/action_mismatch/generated/sample_0000/poses_est_from_gen.npy
  Processing sample_0001 (8 frames)...
  Saved: runs/action_mismatch/generated/sample_0001/poses_est_from_gen.npy
  Processing sample_0002 (8 frames)...
  Saved: runs/action_mismatch/generated/sample_0002/poses_est_from_gen.npy
  Processing sample_0003 (8 frames)...
  Saved: runs/action_mismatch/generated/sample_0003/poses_est_from_gen.npy
  Processing sample_0004 (8 frames)...
  Saved: runs/action_mismatch/generated/sample_0004/poses_est_from_gen.npy

  Done! Estimated poses saved for all samples.
  Next: run step3_compute_mismatch.py

=========================================
Step 2 Complete
=========================================
Exit code: 0
End time: Sat Feb 14 22:17:25 EST 2026

Estimated poses saved to:
runs/action_mismatch/generated/sample_0000/poses_est_from_gen.npy
runs/action_mismatch/generated/sample_0001/poses_est_from_gen.npy
runs/action_mismatch/generated/sample_0002/poses_est_from_gen.npy
runs/action_mismatch/generated/sample_0003/poses_est_from_gen.npy
runs/action_mismatch/generated/sample_0004/poses_est_from_gen.npy
