=========================================
Step 2: Estimate Poses (VGGT Oracle)
Action-Video Mismatch Experiment
=========================================

Job ID: 9620471
Node: node4108
Start time: Tue Feb 24 11:14:15 EST 2026
GPU: 0

Python: /home/akshatat/.conda/envs/mech_interp_gpu/bin/python
Python version: Python 3.10.14

Checking GPU availability...
Tue Feb 24 11:14:19 2026       
+-----------------------------------------------------------------------------------------+
| NVIDIA-SMI 590.48.01              Driver Version: 590.48.01      CUDA Version: 13.1     |
+-----------------------------------------+------------------------+----------------------+
| GPU  Name                 Persistence-M | Bus-Id          Disp.A | Volatile Uncorr. ECC |
| Fan  Temp   Perf          Pwr:Usage/Cap |           Memory-Usage | GPU-Util  Compute M. |
|                                         |                        |               MIG M. |
|=========================================+========================+======================|
|   0  NVIDIA L40S                    On  |   00000000:CA:00.0 Off |                    0 |
| N/A   32C    P8             32W /  350W |       0MiB /  46068MiB |      0%      Default |
|                                         |                        |                  N/A |
+-----------------------------------------+------------------------+----------------------+

+-----------------------------------------------------------------------------------------+
| Processes:                                                                              |
|  GPU   GI   CI              PID   Type   Process name                        GPU Memory |
|        ID   ID                                                               Usage      |
|=========================================================================================|
|  No running processes found                                                             |
+-----------------------------------------------------------------------------------------+

=========================================
Starting pose estimation with VGGT...
=========================================

============================================================
STEP 2: Estimate poses from generated videos (VGGT oracle)
============================================================
  Found 5 samples
Loading VGGT model...
VGGT loaded successfully.
  Using VGGT oracle (recommended)
  Skipping sample_0000: no gen_frames directory
  Skipping sample_0001: no gen_frames directory
  Skipping sample_0002: no gen_frames directory
  Skipping sample_0003: no gen_frames directory
  Skipping sample_0004: no gen_frames directory

  Done! Estimated poses saved for all samples.
  Next: run step3_compute_mismatch.py

=========================================
Step 2 Complete
=========================================
Exit code: 0
End time: Tue Feb 24 11:14:37 EST 2026

Estimated poses saved to:
