=========================================
Step 5: Regenerate with Corrupted Poses
Action-Video Mismatch Experiment - Phase 2
=========================================

Job ID: 9373126
Node: node3008
Start time: Wed Feb 18 20:27:32 EST 2026
GPU: 0

Python: /home/akshatat/.conda/envs/mech_interp_gpu/bin/python
Python version: Python 3.10.14

Checking GPU availability...
Wed Feb 18 20:27:35 2026       
+-----------------------------------------------------------------------------------------+
| NVIDIA-SMI 590.48.01              Driver Version: 590.48.01      CUDA Version: 13.1     |
+-----------------------------------------+------------------------+----------------------+
| GPU  Name                 Persistence-M | Bus-Id          Disp.A | Volatile Uncorr. ECC |
| Fan  Temp   Perf          Pwr:Usage/Cap |           Memory-Usage | GPU-Util  Compute M. |
|                                         |                        |               MIG M. |
|=========================================+========================+======================|
|   0  NVIDIA L40S                    On  |   00000000:4A:00.0 Off |                    0 |
| N/A   30C    P8             34W /  350W |       0MiB /  46068MiB |      0%      Default |
|                                         |                        |                  N/A |
+-----------------------------------------+------------------------+----------------------+

+-----------------------------------------------------------------------------------------+
| Processes:                                                                              |
|  GPU   GI   CI              PID   Type   Process name                        GPU Memory |
|        ID   ID                                                               Usage      |
|=========================================================================================|
|  No running processes found                                                             |
+-----------------------------------------------------------------------------------------+

=========================================
Starting corrupted pose regeneration...
=========================================

============================================================
STEP 5: Regenerate videos with corrupted poses
============================================================
  Phase 1 median drift: 35.13 deg
  Corruption scales: [0.5, 1.0, 2.0]
  Runner: diffusion-forcing-transformer/_phase2_runner.py

--- Extracting GT future frames from clean baseline ---
  GT frames saved to runs/action_mismatch/phase2/gt_frames_sample_*/

============================================================
  CORRUPTION SCALE = 0.5  (~17.6 deg final)
============================================================

  [RUN] DFoT with corruption scale=0.5
    cwd: diffusion-forcing-transformer
    Expected final corruption: ~17.6 deg

  [FAILED] scale=0.5
  stderr (tail):
 /home/akshatat/.conda/envs/mech_interp_gpu/lib/python3.10/site-packages/torchmetrics/utilities/imports.py:22: UserWarning: pkg_resources is deprecated as an API. See https://setuptools.pypa.io/en/latest/pkg_resources.html. The pkg_resources package is slated for removal as early as 2025-11-30. Refrain from using this package or pin to Setuptools<81.
  from pkg_resources import DistributionNotFound, get_distribution
The cache for model files in Transformers v4.22.0 has been updated. Migrating your old cache. This is a one-time only operation. You can interrupt this and resume the migration later on by calling `transformers.utils.move_cache()`.

0it [00:00, ?it/s]
0it [00:00, ?it/s]
Primary config module 'configurations' not found.
Check that it's correct and contains an __init__.py file

Set the environment variable HYDRA_FULL_ERROR=1 for a complete stack trace.

  stdout (tail):
 
  Skipping frame extraction for scale=0.5

============================================================
  CORRUPTION SCALE = 1.0  (~35.1 deg final)
============================================================

  [RUN] DFoT with corruption scale=1.0
    cwd: diffusion-forcing-transformer
    Expected final corruption: ~35.1 deg

  [FAILED] scale=1.0
  stderr (tail):
 /home/akshatat/.conda/envs/mech_interp_gpu/lib/python3.10/site-packages/torchmetrics/utilities/imports.py:22: UserWarning: pkg_resources is deprecated as an API. See https://setuptools.pypa.io/en/latest/pkg_resources.html. The pkg_resources package is slated for removal as early as 2025-11-30. Refrain from using this package or pin to Setuptools<81.
  from pkg_resources import DistributionNotFound, get_distribution
Primary config module 'configurations' not found.
Check that it's correct and contains an __init__.py file

Set the environment variable HYDRA_FULL_ERROR=1 for a complete stack trace.

  stdout (tail):
 
  Skipping frame extraction for scale=1.0

============================================================
  CORRUPTION SCALE = 2.0  (~70.3 deg final)
============================================================

  [RUN] DFoT with corruption scale=2.0
    cwd: diffusion-forcing-transformer
    Expected final corruption: ~70.3 deg

  [FAILED] scale=2.0
  stderr (tail):
 /home/akshatat/.conda/envs/mech_interp_gpu/lib/python3.10/site-packages/torchmetrics/utilities/imports.py:22: UserWarning: pkg_resources is deprecated as an API. See https://setuptools.pypa.io/en/latest/pkg_resources.html. The pkg_resources package is slated for removal as early as 2025-11-30. Refrain from using this package or pin to Setuptools<81.
  from pkg_resources import DistributionNotFound, get_distribution
Primary config module 'configurations' not found.
Check that it's correct and contains an __init__.py file

Set the environment variable HYDRA_FULL_ERROR=1 for a complete stack trace.

  stdout (tail):
 
  Skipping frame extraction for scale=2.0

  Step 5 complete!
  Scales generated: []
  Next: run step6_evaluate_phase2.py

=========================================
Step 5 Complete
=========================================
Exit code: 0
End time: Wed Feb 18 20:27:56 EST 2026

Phase 2 generated frames:
runs/action_mismatch/phase2/gt_frames_sample_0000/frame_0000.png
runs/action_mismatch/phase2/gt_frames_sample_0001/frame_0000.png
runs/action_mismatch/phase2/gt_frames_sample_0002/frame_0000.png
runs/action_mismatch/phase2/gt_frames_sample_0003/frame_0000.png
runs/action_mismatch/phase2/gt_frames_sample_0004/frame_0000.png
