=========================================
Step 4: Fabricate Corrupted Histories
Action-Video Mismatch Experiment - Phase 2
=========================================

Job ID: 9621428
Node: node1609
Start time: Tue Feb 24 11:46:16 EST 2026

Python: /home/akshatat/.conda/envs/mech_interp_gpu/bin/python
Python version: Python 3.10.14

=========================================
Creating corrupted pose histories...
=========================================

============================================================
STEP 4: Fabricate mismatched history + measure impact
============================================================

--- Step 4.1: Building drift library from Phase 1 ---
  Drift statistics from Phase 1:
  10th percentile (low drift):  0.09°
  50th percentile (median):     0.30°
  90th percentile (high drift): 2.12°
  Low-drift sample:  sample_0004 (final err: 0.00°)
  High-drift sample: sample_0003 (final err: 2.73°)

--- Step 4.2: Creating corrupted pose histories ---
  sample_0000 scale=0.5: final corruption = 0.15°
  sample_0000 scale=1.0: final corruption = 0.30°
  sample_0000 scale=2.0: final corruption = 0.60°
  sample_0001 scale=0.5: final corruption = 0.15°
  sample_0001 scale=1.0: final corruption = 0.30°
  sample_0001 scale=2.0: final corruption = 0.60°
  sample_0002 scale=0.5: final corruption = 0.15°
  sample_0002 scale=1.0: final corruption = 0.30°
  sample_0002 scale=2.0: final corruption = 0.60°
  sample_0003 scale=0.5: final corruption = 0.15°
  sample_0003 scale=1.0: final corruption = 0.30°
  sample_0003 scale=2.0: final corruption = 0.60°
  sample_0004 scale=0.5: final corruption = 0.15°
  sample_0004 scale=1.0: final corruption = 0.30°
  sample_0004 scale=2.0: final corruption = 0.60°

--- Step 4.3: Regenerating with corrupted history ---
  
  To regenerate videos with corrupted poses, you have two options:
  
  OPTION A (Recommended): Modify RE10k data files
    1. Copy the RE10k clip data to a new directory
    2. Replace the pose values with corrupted ones
    3. Run DFoT on this modified dataset
    This keeps DFoT's code unchanged.
  
  OPTION B: Direct model API (requires more DFoT internals)
    1. Load the DFoT model programmatically
    2. Call its generation function with custom pose tensors
    3. Requires understanding DFoT's internal sample() API
  
  Helper script: runs/action_mismatch/phase2/regenerate_with_corruption.sh

--- Step 4.4: Evaluation template ---

  Saved: runs/action_mismatch/phase2/phase2_results.csv
  Plot saved: runs/action_mismatch/phase2/corruption_magnitudes.png

  ✅ Phase 2 corruption setup complete!
  Corrupted poses saved to runs/action_mismatch/phase2/
  
  TO COMPLETE PHASE 2:
  1. Regenerate videos with corrupted poses (see options above)
  2. Run step2 (pose estimation) on the new videos
  3. Compare clean vs corrupted pose accuracy & perceptual quality

=========================================
Step 4 Complete - Phase 2 Setup Done
=========================================
Exit code: 0
End time: Tue Feb 24 11:46:22 EST 2026

Corrupted poses saved to:
total 132K
-rw-rw-r-- 1 akshatat akshatat  56K Feb 24 11:46 corruption_magnitudes.png
-rw-rw-r-- 1 akshatat akshatat 2.1K Feb 24 11:46 phase2_manifest.json
-rw-rw-r-- 1 akshatat akshatat  579 Feb 24 11:46 phase2_results.csv
-rwxr-xr-x 1 akshatat akshatat 1.5K Feb 24 11:46 regenerate_with_corruption.sh
drwxrwxr-x 2 akshatat akshatat 4.0K Feb 24 11:46 sample_0000_scale0.5
drwxrwxr-x 2 akshatat akshatat 4.0K Feb 24 11:46 sample_0000_scale1.0
drwxrwxr-x 2 akshatat akshatat 4.0K Feb 24 11:46 sample_0000_scale2.0
drwxrwxr-x 2 akshatat akshatat 4.0K Feb 24 11:46 sample_0001_scale0.5
drwxrwxr-x 2 akshatat akshatat 4.0K Feb 24 11:46 sample_0001_scale1.0
drwxrwxr-x 2 akshatat akshatat 4.0K Feb 24 11:46 sample_0001_scale2.0
drwxrwxr-x 2 akshatat akshatat 4.0K Feb 24 11:46 sample_0002_scale0.5
drwxrwxr-x 2 akshatat akshatat 4.0K Feb 24 11:46 sample_0002_scale1.0
drwxrwxr-x 2 akshatat akshatat 4.0K Feb 24 11:46 sample_0002_scale2.0
drwxrwxr-x 2 akshatat akshatat 4.0K Feb 24 11:46 sample_0003_scale0.5
drwxrwxr-x 2 akshatat akshatat 4.0K Feb 24 11:46 sample_0003_scale1.0
drwxrwxr-x 2 akshatat akshatat 4.0K Feb 24 11:46 sample_0003_scale2.0
drwxrwxr-x 2 akshatat akshatat 4.0K Feb 24 11:46 sample_0004_scale0.5
drwxrwxr-x 2 akshatat akshatat 4.0K Feb 24 11:46 sample_0004_scale1.0
drwxrwxr-x 2 akshatat akshatat 4.0K Feb 24 11:46 sample_0004_scale2.0

Next: Regenerate videos with corrupted poses
See runs/action_mismatch/phase2/regenerate_with_corruption.sh
