=========================================
Step 1: Generate Videos with DFoT
Action-Video Mismatch Experiment
=========================================

Job ID: 9243698
Node: node3408
Start time: Sat Feb 14 16:18:08 EST 2026
GPU: 0

Python: /home/akshatat/.conda/envs/mech_interp_gpu/bin/python
Python version: Python 3.10.19

Installing DFoT dependencies...
Dependencies installed ✓
Checking GPU availability...
Sat Feb 14 16:21:44 2026       
+-----------------------------------------------------------------------------------------+
| NVIDIA-SMI 590.48.01              Driver Version: 590.48.01      CUDA Version: 13.1     |
+-----------------------------------------+------------------------+----------------------+
| GPU  Name                 Persistence-M | Bus-Id          Disp.A | Volatile Uncorr. ECC |
| Fan  Temp   Perf          Pwr:Usage/Cap |           Memory-Usage | GPU-Util  Compute M. |
|                                         |                        |               MIG M. |
|=========================================+========================+======================|
|   0  NVIDIA L40S                    On  |   00000000:CA:00.0 Off |                    0 |
| N/A   30C    P8             33W /  350W |       0MiB /  46068MiB |      0%      Default |
|                                         |                        |                  N/A |
+-----------------------------------------+------------------------+----------------------+

+-----------------------------------------------------------------------------------------+
| Processes:                                                                              |
|  GPU   GI   CI              PID   Type   Process name                        GPU Memory |
|        ID   ID                                                               Usage      |
|=========================================================================================|
|  No running processes found                                                             |
+-----------------------------------------------------------------------------------------+

=========================================
Starting DFoT video generation...
=========================================

============================================================
STEP 1: Generate videos with DFoT
============================================================

Generating 5 videos with DFoT...
  History frames: 4
  Future frames:  8
  Frame skip:     20
  Checkpoint:     DFoT_RE10K.ckpt

  Full command:
  cd diffusion-forcing-transformer && \
  python main.py +name=action_mismatch_step1 dataset=realestate10k_mini algorithm=dfot_video_pose experiment=video_generation @diffusion/continuous load=pretrained:DFoT_RE10K.ckpt experiment.tasks=[validation] experiment.validation.data.shuffle=False experiment.validation.batch_size=1 dataset.context_length=4 dataset.frame_skip=20 dataset.n_frames=12 dataset.num_eval_videos=5 algorithm.tasks.prediction.history_guidance.name=vanilla +algorithm.tasks.prediction.history_guidance.guidance_scale=4.0

  DFoT failed. Last 1000 chars of stderr:
m={diffusion: {is_continuous: True, precond_scale: 0.125}, backbone: {use_fourier_noise_embedding: True}}', 'load=pretrained:DFoT_RE10K.ckpt', 'experiment.tasks=[validation]', 'experiment.validation.data.shuffle=False', 'experiment.validation.batch_size=1', 'dataset.context_length=4', 'dataset.frame_skip=20', 'dataset.n_frames=12', 'dataset.num_eval_videos=5', 'algorithm.tasks.prediction.history_guidance.name=vanilla', '+algorithm.tasks.prediction.history_guidance.guidance_scale=4.0']
Traceback (most recent call last):
  File "/orcd/home/002/akshatat/VisionResearch/diffusion-forcing-transformer/main.py", line 226, in run
    raise ValueError(
ValueError: must specify wandb entity in 'configurations/config.yaml' or with command line argument 'wandb.entity=[entity]' 
 An entity is your wandb user name or group name. This is used for logging. If you don't have an wandb account, please signup at https://wandb.ai/

Set the environment variable HYDRA_FULL_ERROR=1 for a complete stack trace.


  Falling back to mock outputs for development...

  Creating MOCK outputs for development...
  Created 5 mock samples in runs/action_mismatch/generated
  These have RANDOM data — replace with real DFoT outputs!

=========================================
Step 1 Complete
=========================================
Exit code: 0
End time: Sat Feb 14 16:22:11 EST 2026

Generated outputs:
total 24K
-rw-rw-r-- 1 akshatat akshatat  986 Feb 14 16:22 manifest.json
drwxrwxr-x 3 akshatat akshatat 4.0K Feb 14 15:13 sample_0000
drwxrwxr-x 3 akshatat akshatat 4.0K Feb 14 15:13 sample_0001
drwxrwxr-x 3 akshatat akshatat 4.0K Feb 14 15:13 sample_0002
drwxrwxr-x 3 akshatat akshatat 4.0K Feb 14 15:13 sample_0003
drwxrwxr-x 3 akshatat akshatat 4.0K Feb 14 15:13 sample_0004
