=========================================
Step 1: Generate Videos with DFoT
Action-Video Mismatch Experiment
=========================================

Job ID: 9620084
Node: node3503
Start time: Tue Feb 24 10:53:14 EST 2026
GPU: 0

Python: /home/akshatat/.conda/envs/mech_interp_gpu/bin/python
Python version: Python 3.10.14

Checking GPU availability...
Tue Feb 24 10:53:19 2026       
+-----------------------------------------------------------------------------------------+
| NVIDIA-SMI 590.48.01              Driver Version: 590.48.01      CUDA Version: 13.1     |
+-----------------------------------------+------------------------+----------------------+
| GPU  Name                 Persistence-M | Bus-Id          Disp.A | Volatile Uncorr. ECC |
| Fan  Temp   Perf          Pwr:Usage/Cap |           Memory-Usage | GPU-Util  Compute M. |
|                                         |                        |               MIG M. |
|=========================================+========================+======================|
|   0  NVIDIA L40S                    On  |   00000000:61:00.0 Off |                    0 |
| N/A   29C    P8             32W /  350W |       0MiB /  46068MiB |      0%      Default |
|                                         |                        |                  N/A |
+-----------------------------------------+------------------------+----------------------+

+-----------------------------------------------------------------------------------------+
| Processes:                                                                              |
|  GPU   GI   CI              PID   Type   Process name                        GPU Memory |
|        ID   ID                                                               Usage      |
|=========================================================================================|
|  No running processes found                                                             |
+-----------------------------------------------------------------------------------------+

=========================================
Starting DFoT video generation...
=========================================

============================================================
STEP 1: Generate videos with DFoT
============================================================

[Preflight]

[RUN]
  cwd: diffusion-forcing-transformer
  cmd: python -c import main; print('ok')
[Warn] DFOT_CHECKPOINT looks like a file/path but does not exist: DFoT_RE10K.ckpt
      If you intended pretrained name (e.g. DFoT_RE10K.ckpt), set it exactly like DFoT wiki uses.

[RUN]
  cwd: diffusion-forcing-transformer
  cmd: python -m main +name=action_mismatch_step1 dataset=realestate10k_mini algorithm=dfot_video_pose experiment=video_generation @diffusion/continuous load=pretrained:DFoT_RE10K.ckpt algorithm.checkpoint.strict=false experiment.tasks=[validation] experiment.validation.data.shuffle=False dataset.context_length=4 dataset.frame_skip=20 dataset.n_frames=12 experiment.validation.batch_size=1 dataset.num_eval_videos=5 algorithm.tasks.prediction.history_guidance.name=vanilla +algorithm.tasks.prediction.history_guidance.guidance_scale=4.0 wandb.entity=akshatatiwari55 wandb.mode=offline dataset.subdataset_size=null experiment.reload_dataloaders_every_n_epochs=0 algorithm.backbone.channels=[128,256,576,1152] algorithm.backbone.num_updown_blocks=[3,3,6] algorithm.backbone.num_mid_blocks=20 algorithm.backbone.num_heads=9 ++algorithm.diffusion.training_schedule.name=cosine ++algorithm.diffusion.training_schedule.shift=0.125 ++algorithm.diffusion.loss_weighting.strategy=sigmoid ++algorithm.diffusion.loss_weighting.sigmoid_bias=-1.0

[DFoT FAILED]
stdout (tail):
 [36mOutputs will be saved to:[39m /orcd/home/002/akshatat/VisionResearch/diffusion-forcing-transformer/outputs/2026-02-24/10-53-36
[36mExecuting task:[39m validation out of ['validation']
[36mtest: 425 / 500 videos will be used after filtering out videos shorter than 221 frames[39m
Validation ━━━━━━━━━━━━━━━━━━━━━━━━━━━━━━━━━━━━ 5/5 0:01:49 • 0:00:00 0.05it/s 
[1;34mwandb[0m: 
[1;34mwandb[0m: You can sync this run to the cloud by running:
[1;34mwandb[0m: [1mwandb sync /orcd/home/002/akshatat/VisionResearch/diffusion-forcing-transformer/outputs/2026-02-24/10-53-36/wandb/offline-run-20260224_105348-k97eo7gu[0m
[1;34mwandb[0m: Find logs at: [1;35moutputs/2026-02-24/10-53-36/wandb/offline-run-20260224_105348-k97eo7gu/logs[0m

stderr (tail):
 packages/lightning/pytorch/trainer/call.py", line 49, in _call_and_handle_interrupt
    return trainer_fn(*args, **kwargs)
  File "/home/akshatat/.conda/envs/mech_interp_gpu/lib/python3.10/site-packages/lightning/pytorch/trainer/trainer.py", line 745, in _validate_impl
    results = self._run(model, ckpt_path=ckpt_path, weights_only=weights_only)
  File "/home/akshatat/.conda/envs/mech_interp_gpu/lib/python3.10/site-packages/lightning/pytorch/trainer/trainer.py", line 1079, in _run
    results = self._run_stage()
  File "/home/akshatat/.conda/envs/mech_interp_gpu/lib/python3.10/site-packages/lightning/pytorch/trainer/trainer.py", line 1116, in _run_stage
    return self._evaluation_loop.run()
  File "/home/akshatat/.conda/envs/mech_interp_gpu/lib/python3.10/site-packages/lightning/pytorch/loops/utilities.py", line 179, in _decorator
    return loop_run(self, *args, **kwargs)
  File "/home/akshatat/.conda/envs/mech_interp_gpu/lib/python3.10/site-packages/lightning/pytorch/loops/evaluation_loop.py", line 153, in run
    return self.on_run_end()
  File "/home/akshatat/.conda/envs/mech_interp_gpu/lib/python3.10/site-packages/lightning/pytorch/loops/evaluation_loop.py", line 296, in on_run_end
    self._on_evaluation_epoch_end()
  File "/home/akshatat/.conda/envs/mech_interp_gpu/lib/python3.10/site-packages/lightning/pytorch/loops/evaluation_loop.py", line 381, in _on_evaluation_epoch_end
    trainer._logger_connector.on_epoch_end()
  File "/home/akshatat/.conda/envs/mech_interp_gpu/lib/python3.10/site-packages/lightning/pytorch/trainer/connectors/logger_connector/logger_connector.py", line 205, in on_epoch_end
    metrics = self.metrics
  File "/home/akshatat/.conda/envs/mech_interp_gpu/lib/python3.10/site-packages/lightning/pytorch/trainer/connectors/logger_connector/logger_connector.py", line 244, in metrics
    return self.trainer._results.metrics(on_step)
  File "/home/akshatat/.conda/envs/mech_interp_gpu/lib/python3.10/site-packages/lightning/pytorch/trainer/connectors/logger_connector/result.py", line 475, in metrics
    value = self._get_cache(result_metric, on_step)
  File "/home/akshatat/.conda/envs/mech_interp_gpu/lib/python3.10/site-packages/lightning/pytorch/trainer/connectors/logger_connector/result.py", line 439, in _get_cache
    result_metric.compute()
  File "/home/akshatat/.conda/envs/mech_interp_gpu/lib/python3.10/site-packages/lightning/pytorch/trainer/connectors/logger_connector/result.py", line 288, in wrapped_func
    self._computed = compute(*args, **kwargs)
  File "/home/akshatat/.conda/envs/mech_interp_gpu/lib/python3.10/site-packages/lightning/pytorch/trainer/connectors/logger_connector/result.py", line 253, in compute
    return self.value.compute()
  File "/home/akshatat/.conda/envs/mech_interp_gpu/lib/python3.10/site-packages/torchmetrics/metric.py", line 532, in wrapped_func
    value = compute(*args, **kwargs)
  File "/home/akshatat/.conda/envs/mech_interp_gpu/lib/python3.10/site-packages/torchmetrics/image/fid.py", line 288, in compute
    return _compute_fid(mean_real.squeeze(0), cov_real, mean_fake.squeeze(0), cov_fake).to(self.orig_dtype)
  File "/home/akshatat/.conda/envs/mech_interp_gpu/lib/python3.10/site-packages/torchmetrics/image/fid.py", line 116, in _compute_fid
    covmean = sqrtm(sigma1.mm(sigma2))
  File "/home/akshatat/.conda/envs/mech_interp_gpu/lib/python3.10/site-packages/torch/autograd/function.py", line 575, in apply
    return super().apply(*args, **kwargs)  # type: ignore[misc]
  File "/home/akshatat/.conda/envs/mech_interp_gpu/lib/python3.10/site-packages/torchmetrics/image/fid.py", line 71, in forward
    m = input_data.detach().cpu().numpy().astype(np.float_)
  File "/home/akshatat/.conda/envs/mech_interp_gpu/lib/python3.10/site-packages/numpy/__init__.py", line 400, in __getattr__
    raise AttributeError(
AttributeError: `np.float_` was removed in the NumPy 2.0 release. Use `np.float64` instead.

Set the environment variable HYDRA_FULL_ERROR=1 for a complete stack trace.


=========================================
Step 1 Complete
=========================================
Exit code: 1
End time: Tue Feb 24 10:55:46 EST 2026

Generated outputs:
total 0
