=========================================
Step 1: Generate Videos with DFoT
Action-Video Mismatch Experiment
=========================================

Job ID: 9246265
Node: node3407
Start time: Sat Feb 14 20:25:08 EST 2026
GPU: 0,1

Python: /home/akshatat/.conda/envs/mech_interp_gpu/bin/python
Python version: Python 3.10.19

Checking GPU availability...
Sat Feb 14 20:25:11 2026       
+-----------------------------------------------------------------------------------------+
| NVIDIA-SMI 590.48.01              Driver Version: 590.48.01      CUDA Version: 13.1     |
+-----------------------------------------+------------------------+----------------------+
| GPU  Name                 Persistence-M | Bus-Id          Disp.A | Volatile Uncorr. ECC |
| Fan  Temp   Perf          Pwr:Usage/Cap |           Memory-Usage | GPU-Util  Compute M. |
|                                         |                        |               MIG M. |
|=========================================+========================+======================|
|   0  NVIDIA L40S                    On  |   00000000:CA:00.0 Off |                    0 |
| N/A   29C    P8             33W /  350W |       0MiB /  46068MiB |      0%      Default |
|                                         |                        |                  N/A |
+-----------------------------------------+------------------------+----------------------+
|   1  NVIDIA L40S                    On  |   00000000:E1:00.0 Off |                    0 |
| N/A   29C    P8             34W /  350W |       0MiB /  46068MiB |      0%      Default |
|                                         |                        |                  N/A |
+-----------------------------------------+------------------------+----------------------+

+-----------------------------------------------------------------------------------------+
| Processes:                                                                              |
|  GPU   GI   CI              PID   Type   Process name                        GPU Memory |
|        ID   ID                                                               Usage      |
|=========================================================================================|
|  No running processes found                                                             |
+-----------------------------------------------------------------------------------------+

=========================================
Starting DFoT video generation...
=========================================

============================================================
STEP 1: Generate videos with DFoT
============================================================

[Preflight]

[RUN]
  cwd: diffusion-forcing-transformer
  cmd: python -c import main; print('ok')
[Warn] DFOT_CHECKPOINT looks like a file/path but does not exist: DFoT_RE10K.ckpt
      If you intended pretrained name (e.g. DFoT_RE10K.ckpt), set it exactly like DFoT wiki uses.

[RUN]
  cwd: diffusion-forcing-transformer
  cmd: python -m main +name=action_mismatch_step1 dataset_experiment=realestate10k_video_generation load=pretrained:DFoT_RE10K.ckpt wandb.mode=offline wandb.entity=akshatatiwari55 algorithm.checkpoint.strict=False dataset.name=realestate10k_mini experiment.tasks=[validation] experiment.validation.data.shuffle=False experiment.validation.batch_size=1 dataset.context_length=4 dataset.frame_skip=20 dataset.n_frames=12 dataset.num_eval_videos=5 algorithm.tasks.prediction.history_guidance.name=vanilla +algorithm.tasks.prediction.history_guidance.guidance_scale=4.0

[DFoT FAILED]
stdout (tail):
 
stderr (tail):
 /home/akshatat/.conda/envs/mech_interp_gpu/lib/python3.10/site-packages/torchmetrics/utilities/imports.py:22: UserWarning: pkg_resources is deprecated as an API. See https://setuptools.pypa.io/en/latest/pkg_resources.html. The pkg_resources package is slated for removal as early as 2025-11-30. Refrain from using this package or pin to Setuptools<81.
  from pkg_resources import DistributionNotFound, get_distribution
/home/akshatat/.conda/envs/mech_interp_gpu/lib/python3.10/site-packages/hydra/_internal/defaults_list.py:251: UserWarning: In 'config': Defaults list is missing `_self_`. See https://hydra.cc/docs/1.2/upgrades/1.0_to_1.1/default_composition_order for more information
  warnings.warn(msg, UserWarning)
Could not override 'dataset.name'.
To append to your config use +dataset.name=realestate10k_mini
Key 'name' is not in struct
    full_key: dataset.name
    object_type=dict

Set the environment variable HYDRA_FULL_ERROR=1 for a complete stack trace.


=========================================
Step 1 Complete
=========================================
Exit code: 1
End time: Sat Feb 14 20:25:28 EST 2026

Generated outputs:
total 24K
-rw-rw-r-- 1 akshatat akshatat  986 Feb 14 17:55 manifest.json
drwxrwxr-x 3 akshatat akshatat 4.0K Feb 14 15:13 sample_0000
drwxrwxr-x 3 akshatat akshatat 4.0K Feb 14 15:13 sample_0001
drwxrwxr-x 3 akshatat akshatat 4.0K Feb 14 15:13 sample_0002
drwxrwxr-x 3 akshatat akshatat 4.0K Feb 14 15:13 sample_0003
drwxrwxr-x 3 akshatat akshatat 4.0K Feb 14 15:13 sample_0004
