=========================================
Step 1: Generate Videos with DFoT
Action-Video Mismatch Experiment
=========================================

Job ID: 9619673
Node: node4108
Start time: Tue Feb 24 10:41:15 EST 2026
GPU: 0

Python: /home/akshatat/.conda/envs/mech_interp_gpu/bin/python
Python version: Python 3.10.14

Checking GPU availability...
Tue Feb 24 10:41:19 2026       
+-----------------------------------------------------------------------------------------+
| NVIDIA-SMI 590.48.01              Driver Version: 590.48.01      CUDA Version: 13.1     |
+-----------------------------------------+------------------------+----------------------+
| GPU  Name                 Persistence-M | Bus-Id          Disp.A | Volatile Uncorr. ECC |
| Fan  Temp   Perf          Pwr:Usage/Cap |           Memory-Usage | GPU-Util  Compute M. |
|                                         |                        |               MIG M. |
|=========================================+========================+======================|
|   0  NVIDIA L40S                    On  |   00000000:CA:00.0 Off |                    0 |
| N/A   31C    P8             32W /  350W |       0MiB /  46068MiB |      0%      Default |
|                                         |                        |                  N/A |
+-----------------------------------------+------------------------+----------------------+

+-----------------------------------------------------------------------------------------+
| Processes:                                                                              |
|  GPU   GI   CI              PID   Type   Process name                        GPU Memory |
|        ID   ID                                                               Usage      |
|=========================================================================================|
|  No running processes found                                                             |
+-----------------------------------------------------------------------------------------+

=========================================
Starting DFoT video generation...
=========================================

============================================================
STEP 1: Generate videos with DFoT
============================================================

[Preflight]

[RUN]
  cwd: diffusion-forcing-transformer
  cmd: python -c import main; print('ok')
[Warn] DFOT_CHECKPOINT looks like a file/path but does not exist: DFoT_RE10K.ckpt
      If you intended pretrained name (e.g. DFoT_RE10K.ckpt), set it exactly like DFoT wiki uses.

[RUN]
  cwd: diffusion-forcing-transformer
  cmd: python -m main +name=action_mismatch_step1 dataset=realestate10k_mini algorithm=dfot_video_pose experiment=video_generation @diffusion/continuous load=pretrained:DFoT_RE10K.ckpt algorithm.checkpoint.strict=false experiment.tasks=[validation] experiment.validation.data.shuffle=False dataset.context_length=4 dataset.frame_skip=20 dataset.n_frames=12 experiment.validation.batch_size=1 dataset.num_eval_videos=5 algorithm.tasks.prediction.history_guidance.name=vanilla +algorithm.tasks.prediction.history_guidance.guidance_scale=4.0 wandb.entity=akshatatiwari55 wandb.mode=offline dataset.subdataset_size=null experiment.reload_dataloaders_every_n_epochs=0 algorithm.backbone.channels=[128,256,576,1152] algorithm.backbone.num_updown_blocks=[3,3,6] algorithm.backbone.num_mid_blocks=20 algorithm.backbone.num_heads=9 ++algorithm.diffusion.training_schedule.name=cosine ++algorithm.diffusion.training_schedule.shift=0.125 ++algorithm.diffusion.loss_weighting.strategy=sigmoid ++algorithm.diffusion.loss_weighting.sigmoid_bias=-1.0

[DFoT FAILED]
stdout (tail):
 
stderr (tail):
 forcing-transformer/algorithms/common/metrics/video/video_metric.py", line 11, in <module>
    from .fid import FrechetInceptionDistance
  File "/orcd/home/002/akshatat/VisionResearch/diffusion-forcing-transformer/algorithms/common/metrics/video/fid.py", line 2, in <module>
    from .shared_registry import SharedVideoMetricModelRegistry
  File "/orcd/home/002/akshatat/VisionResearch/diffusion-forcing-transformer/algorithms/common/metrics/video/shared_registry.py", line 7, in <module>
    from .models import I3D, MotionExtractor, CLIP, DINO, LAION, MUSIQ, RAFT, AMT_S
  File "/orcd/home/002/akshatat/VisionResearch/diffusion-forcing-transformer/algorithms/common/metrics/video/models/__init__.py", line 6, in <module>
    from .musiq import MUSIQ
  File "/orcd/home/002/akshatat/VisionResearch/diffusion-forcing-transformer/algorithms/common/metrics/video/models/musiq.py", line 2, in <module>
    from pyiqa.archs.musiq_arch import MUSIQ as _MUSIQ
  File "/home/akshatat/.conda/envs/mech_interp_gpu/lib/python3.10/site-packages/pyiqa/__init__.py", line 2, in <module>
    from .archs import *
  File "/home/akshatat/.conda/envs/mech_interp_gpu/lib/python3.10/site-packages/pyiqa/archs/__init__.py", line 17, in <module>
    _arch_modules = [importlib.import_module(f'pyiqa.archs.{file_name}') for file_name in arch_filenames]
  File "/home/akshatat/.conda/envs/mech_interp_gpu/lib/python3.10/site-packages/pyiqa/archs/__init__.py", line 17, in <listcomp>
    _arch_modules = [importlib.import_module(f'pyiqa.archs.{file_name}') for file_name in arch_filenames]
  File "/home/akshatat/.conda/envs/mech_interp_gpu/lib/python3.10/importlib/__init__.py", line 126, in import_module
    return _bootstrap._gcd_import(name[level:], package, level)
  File "/home/akshatat/.conda/envs/mech_interp_gpu/lib/python3.10/site-packages/pyiqa/archs/musiq_arch.py", line 19, in <module>
    from pyiqa.data.multiscale_trans_util import get_multiscale_patches
  File "/home/akshatat/.conda/envs/mech_interp_gpu/lib/python3.10/site-packages/pyiqa/data/__init__.py", line 22, in <module>
    _dataset_modules = [importlib.import_module(f'pyiqa.data.{file_name}') for file_name in dataset_filenames]
  File "/home/akshatat/.conda/envs/mech_interp_gpu/lib/python3.10/site-packages/pyiqa/data/__init__.py", line 22, in <listcomp>
    _dataset_modules = [importlib.import_module(f'pyiqa.data.{file_name}') for file_name in dataset_filenames]
  File "/home/akshatat/.conda/envs/mech_interp_gpu/lib/python3.10/importlib/__init__.py", line 126, in import_module
    return _bootstrap._gcd_import(name[level:], package, level)
  File "/home/akshatat/.conda/envs/mech_interp_gpu/lib/python3.10/site-packages/pyiqa/data/ava_dataset.py", line 12, in <module>
    from .base_iqa_dataset import BaseIQADataset
  File "/home/akshatat/.conda/envs/mech_interp_gpu/lib/python3.10/site-packages/pyiqa/data/base_iqa_dataset.py", line 6, in <module>
    from pyiqa.data.data_util import read_meta_info_file
  File "/home/akshatat/.conda/envs/mech_interp_gpu/lib/python3.10/site-packages/pyiqa/data/data_util.py", line 9, in <module>
    from pyiqa.data.transforms import mod_crop
  File "/home/akshatat/.conda/envs/mech_interp_gpu/lib/python3.10/site-packages/pyiqa/data/transforms.py", line 7, in <module>
    from imgaug import augmenters as iaa
  File "/home/akshatat/.conda/envs/mech_interp_gpu/lib/python3.10/site-packages/imgaug/__init__.py", line 7, in <module>
    from imgaug.imgaug import *  # pylint: disable=redefined-builtin
  File "/home/akshatat/.conda/envs/mech_interp_gpu/lib/python3.10/site-packages/imgaug/imgaug.py", line 45, in <module>
    NP_FLOAT_TYPES = set(np.sctypes["float"])
  File "/home/akshatat/.conda/envs/mech_interp_gpu/lib/python3.10/site-packages/numpy/__init__.py", line 400, in __getattr__
    raise AttributeError(
AttributeError: `np.sctypes` was removed in the NumPy 2.0 release. Access dtypes explicitly instead.

Set the environment variable HYDRA_FULL_ERROR=1 for a complete stack trace.


=========================================
Step 1 Complete
=========================================
Exit code: 1
End time: Tue Feb 24 10:41:57 EST 2026

Generated outputs:
total 0
