=========================================
Step 5: Regenerate with Corrupted Poses
Action-Video Mismatch Experiment - Phase 2
=========================================

Job ID: 9626623
Node: node3203
Start time: Tue Feb 24 14:13:59 EST 2026
GPU: 0

Python: /home/akshatat/.conda/envs/mech_interp_gpu/bin/python
Python version: Python 3.10.14

Checking GPU availability...
Tue Feb 24 14:14:03 2026       
+-----------------------------------------------------------------------------------------+
| NVIDIA-SMI 590.48.01              Driver Version: 590.48.01      CUDA Version: 13.1     |
+-----------------------------------------+------------------------+----------------------+
| GPU  Name                 Persistence-M | Bus-Id          Disp.A | Volatile Uncorr. ECC |
| Fan  Temp   Perf          Pwr:Usage/Cap |           Memory-Usage | GPU-Util  Compute M. |
|                                         |                        |               MIG M. |
|=========================================+========================+======================|
|   0  NVIDIA L40S                    On  |   00000000:E1:00.0 Off |                    0 |
| N/A   32C    P8             33W /  350W |       0MiB /  46068MiB |      0%      Default |
|                                         |                        |                  N/A |
+-----------------------------------------+------------------------+----------------------+

+-----------------------------------------------------------------------------------------+
| Processes:                                                                              |
|  GPU   GI   CI              PID   Type   Process name                        GPU Memory |
|        ID   ID                                                               Usage      |
|=========================================================================================|
|  No running processes found                                                             |
+-----------------------------------------------------------------------------------------+

=========================================
Starting corrupted pose regeneration...
=========================================

============================================================
STEP 5: Regenerate videos with corrupted poses
============================================================
  Phase 1 median drift: 0.30 deg
  Corruption scales: [10.0, 50.0, 100.0]
  Runner: diffusion-forcing-transformer/_phase2_runner.py

--- Extracting GT future frames from clean baseline ---
  GT frames saved to runs/action_mismatch/phase2/gt_frames_sample_*/

============================================================
  CORRUPTION SCALE = 10.0  (~3.0 deg final)
============================================================
  Pre-run wandb dirs: 0

  [RUN] DFoT with corruption scale=10.0
    cwd: diffusion-forcing-transformer
    Expected final corruption: ~3.0 deg
  [OK] scale=10.0 completed
  [Phase2] Patch applied (scale=10.0)
  [Phase2 DEBUG] _patched called (call #1)
  [Phase2 DEBUG]   CORRUPTION_SCALE = 10.0
  [Phase2 DEBUG]   conditions is None? False
  [Phase2 DEBUG]   conditions.shape = torch.Size([1, 12, 16])
  [Phase2 DEBUG]   conditions dtype = torch.float32
  [Phase2 DEBUG]   conditions[0,0,:5] = [0.47681400179862976, 0.8476694226264954, 0.5, 0.5, 0.968500018119812]
  [Phase2 DEBUG]   B=1, T=12, D=16, n_future=8
  [Phase2 DEBUG]   intrinsic offset = 4 (D-12)
  [Phase2 DEBUG]   b=0 t=4: perturbation_deg=0.37, actual_diff=0.38
  [Phase2 DEBUG] _patched called (call #2)
  [Phase2 DEBUG]   CORRUPTION_SCALE = 10.0
  [Phase2 DEBUG]   conditions is None? False
  [Phase2 DEBUG]   conditions.shape = torch.Size([1, 12, 16])
  [Phase2 DEBUG]   conditions dtype = torch.float32
  [Phase2 DEBUG]   conditions[0,0,:5] = [0.4897052049636841, 0.8705870509147644, 0.5, 0.5, 0.9854673743247986]
  [Phase2 DEBUG]   B=1, T=12, D=16, n_future=8
  [Phase2 DEBUG]   intrinsic offset = 4 (D-12)
  [Phase2 DEBUG]   b=0 t=4: perturbation_deg=0.37, actual_diff=0.37
  [Phase2 DEBUG] _patched called (call #3)
  [Phase2 DEBUG]   CORRUPTION_SCALE = 10.0
  [Phase2 DEBUG]   conditions is None? False
  [Phase2 DEBUG]   conditions.shape = torch.Size([1, 12, 16])
  [Phase2 DEBUG]   conditions dtype = torch.float32
  [Phase2 DEBUG]   conditions[0,0,:5] = [0.47701001167297363, 0.8480178713798523, 0.5, 0.5, 0.9936239123344421]
  [Phase2 DEBUG]   B=1, T=12, D=16, n_future=8
  [Phase2 DEBUG]   intrinsic offset = 4 (D-12)
  [Phase2 DEBUG]   b=0 t=4: perturbation_deg=0.37, actual_diff=0.37
  [Phase2 DEBUG] _patched called (call #4)
  [Phase2 DEBUG]   CORRUPTION_SCALE = 10.0
  [Phase2 DEBUG]   conditions is None? False
  [Phase2 DEBUG]   conditions.shape = torch.Size([1, 12, 16])
  [Phase2 DEBUG]   conditions dtype = torch.float32
  [Phase2 DEBUG]   conditions[0,0,:5] = [0.5400103330612183, 0.9600183367729187, 0.5, 0.5, 0.9688645601272583]
  [Phase2 DEBUG]   B=1, T=12, D=16, n_future=8
  [Phase2 DEBUG]   intrinsic offset = 4 (D-12)
  [Phase2 DEBUG]   b=0 t=4: perturbation_deg=0.37, actual_diff=0.37
  [Phase2 DEBUG] _patched called (call #5)
  [Phase2 DEBUG]   CORRUPTION_SCALE = 10.0
  [Phase2 DEBUG]   conditions is None? False
  [Phase2 DEBUG]   conditions.shape = torch.Size([1, 12, 16])
  [Phase2 DEBUG]   conditions dtype = torch.float32
  [Phase2 DEBUG]   conditions[0,0,:5] = [0.4771787226200104, 0.8483177423477173, 0.5, 0.5, 0.8840656280517578]
  [Phase2 DEBUG]   B=1, T=12, D=16, n_future=8
  [Phase2 DEBUG]   intrinsic offset = 4 (D-12)
  [Phase2 DEBUG]   b=0 t=4: perturbation_deg=0.37, actual_diff=0.37
  stdout (tail):
 ──────────┴───────────────────────────┘
Validation ━━━━━━━━━━━━━━━━━━━━━━━━━━━━━━━━━━━━ 5/5 0:01:47 • 0:00:00 0.05it/s 
[1;34mwandb[0m: 
[1;34mwandb[0m: You can sync this run to the cloud by running:
[1;34mwandb[0m: [1mwandb sync /orcd/home/002/akshatat/VisionResearch/diffusion-forcing-transformer/outputs/2026-02-24/14-14-19/wandb/offline-run-20260224_141425-pgavm7qa[0m
[1;34mwandb[0m: Find logs at: [1;35moutputs/2026-02-24/14-14-19/wandb/offline-run-20260224_141425-pgavm7qa/logs[0m

  Output dir: /orcd/home/002/akshatat/VisionResearch/diffusion-forcing-transformer/outputs/2026-02-24/14-14-19
    [GIF search] Hydra dir /orcd/home/002/akshatat/VisionResearch/diffusion-forcing-transformer/outputs/2026-02-24/14-14-19: 5 GIFs
  Found 5 GIFs
    sample_0000: saved 8 frames
    sample_0001: saved 8 frames
    sample_0002: saved 8 frames
    sample_0003: saved 8 frames
    sample_0004: saved 8 frames

============================================================
  CORRUPTION SCALE = 50.0  (~15.0 deg final)
============================================================
  Pre-run wandb dirs: 0

  [RUN] DFoT with corruption scale=50.0
    cwd: diffusion-forcing-transformer
    Expected final corruption: ~15.0 deg
  [OK] scale=50.0 completed
  [Phase2] Patch applied (scale=50.0)
  [Phase2 DEBUG] _patched called (call #1)
  [Phase2 DEBUG]   CORRUPTION_SCALE = 50.0
  [Phase2 DEBUG]   conditions is None? False
  [Phase2 DEBUG]   conditions.shape = torch.Size([1, 12, 16])
  [Phase2 DEBUG]   conditions dtype = torch.float32
  [Phase2 DEBUG]   conditions[0,0,:5] = [0.47681400179862976, 0.8476694226264954, 0.5, 0.5, 0.968500018119812]
  [Phase2 DEBUG]   B=1, T=12, D=16, n_future=8
  [Phase2 DEBUG]   intrinsic offset = 4 (D-12)
  [Phase2 DEBUG]   b=0 t=4: perturbation_deg=1.87, actual_diff=1.87
  [Phase2 DEBUG] _patched called (call #2)
  [Phase2 DEBUG]   CORRUPTION_SCALE = 50.0
  [Phase2 DEBUG]   conditions is None? False
  [Phase2 DEBUG]   conditions.shape = torch.Size([1, 12, 16])
  [Phase2 DEBUG]   conditions dtype = torch.float32
  [Phase2 DEBUG]   conditions[0,0,:5] = [0.4897052049636841, 0.8705870509147644, 0.5, 0.5, 0.9854673743247986]
  [Phase2 DEBUG]   B=1, T=12, D=16, n_future=8
  [Phase2 DEBUG]   intrinsic offset = 4 (D-12)
  [Phase2 DEBUG]   b=0 t=4: perturbation_deg=1.87, actual_diff=1.87
  [Phase2 DEBUG] _patched called (call #3)
  [Phase2 DEBUG]   CORRUPTION_SCALE = 50.0
  [Phase2 DEBUG]   conditions is None? False
  [Phase2 DEBUG]   conditions.shape = torch.Size([1, 12, 16])
  [Phase2 DEBUG]   conditions dtype = torch.float32
  [Phase2 DEBUG]   conditions[0,0,:5] = [0.47701001167297363, 0.8480178713798523, 0.5, 0.5, 0.9936239123344421]
  [Phase2 DEBUG]   B=1, T=12, D=16, n_future=8
  [Phase2 DEBUG]   intrinsic offset = 4 (D-12)
  [Phase2 DEBUG]   b=0 t=4: perturbation_deg=1.87, actual_diff=1.87
  [Phase2 DEBUG] _patched called (call #4)
  [Phase2 DEBUG]   CORRUPTION_SCALE = 50.0
  [Phase2 DEBUG]   conditions is None? False
  [Phase2 DEBUG]   conditions.shape = torch.Size([1, 12, 16])
  [Phase2 DEBUG]   conditions dtype = torch.float32
  [Phase2 DEBUG]   conditions[0,0,:5] = [0.5400103330612183, 0.9600183367729187, 0.5, 0.5, 0.9688645601272583]
  [Phase2 DEBUG]   B=1, T=12, D=16, n_future=8
  [Phase2 DEBUG]   intrinsic offset = 4 (D-12)
  [Phase2 DEBUG]   b=0 t=4: perturbation_deg=1.87, actual_diff=1.87
  [Phase2 DEBUG] _patched called (call #5)
  [Phase2 DEBUG]   CORRUPTION_SCALE = 50.0
  [Phase2 DEBUG]   conditions is None? False
  [Phase2 DEBUG]   conditions.shape = torch.Size([1, 12, 16])
  [Phase2 DEBUG]   conditions dtype = torch.float32
  [Phase2 DEBUG]   conditions[0,0,:5] = [0.4771787226200104, 0.8483177423477173, 0.5, 0.5, 0.8840656280517578]
  [Phase2 DEBUG]   B=1, T=12, D=16, n_future=8
  [Phase2 DEBUG]   intrinsic offset = 4 (D-12)
  [Phase2 DEBUG]   b=0 t=4: perturbation_deg=1.87, actual_diff=1.87
  stdout (tail):
 ──────────┴───────────────────────────┘
Validation ━━━━━━━━━━━━━━━━━━━━━━━━━━━━━━━━━━━━ 5/5 0:01:45 • 0:00:00 0.05it/s 
[1;34mwandb[0m: 
[1;34mwandb[0m: You can sync this run to the cloud by running:
[1;34mwandb[0m: [1mwandb sync /orcd/home/002/akshatat/VisionResearch/diffusion-forcing-transformer/outputs/2026-02-24/14-16-32/wandb/offline-run-20260224_141636-tosxagnv[0m
[1;34mwandb[0m: Find logs at: [1;35moutputs/2026-02-24/14-16-32/wandb/offline-run-20260224_141636-tosxagnv/logs[0m

  Output dir: /orcd/home/002/akshatat/VisionResearch/diffusion-forcing-transformer/outputs/2026-02-24/14-16-32
    [GIF search] Hydra dir /orcd/home/002/akshatat/VisionResearch/diffusion-forcing-transformer/outputs/2026-02-24/14-16-32: 5 GIFs
  Found 5 GIFs
    sample_0000: saved 8 frames
    sample_0001: saved 8 frames
    sample_0002: saved 8 frames
    sample_0003: saved 8 frames
    sample_0004: saved 8 frames

============================================================
  CORRUPTION SCALE = 100.0  (~30.0 deg final)
============================================================
  Pre-run wandb dirs: 0

  [RUN] DFoT with corruption scale=100.0
    cwd: diffusion-forcing-transformer
    Expected final corruption: ~30.0 deg
  [OK] scale=100.0 completed
  [Phase2] Patch applied (scale=100.0)
  [Phase2 DEBUG] _patched called (call #1)
  [Phase2 DEBUG]   CORRUPTION_SCALE = 100.0
  [Phase2 DEBUG]   conditions is None? False
  [Phase2 DEBUG]   conditions.shape = torch.Size([1, 12, 16])
  [Phase2 DEBUG]   conditions dtype = torch.float32
  [Phase2 DEBUG]   conditions[0,0,:5] = [0.47681400179862976, 0.8476694226264954, 0.5, 0.5, 0.968500018119812]
  [Phase2 DEBUG]   B=1, T=12, D=16, n_future=8
  [Phase2 DEBUG]   intrinsic offset = 4 (D-12)
  [Phase2 DEBUG]   b=0 t=4: perturbation_deg=3.75, actual_diff=3.75
  [Phase2 DEBUG] _patched called (call #2)
  [Phase2 DEBUG]   CORRUPTION_SCALE = 100.0
  [Phase2 DEBUG]   conditions is None? False
  [Phase2 DEBUG]   conditions.shape = torch.Size([1, 12, 16])
  [Phase2 DEBUG]   conditions dtype = torch.float32
  [Phase2 DEBUG]   conditions[0,0,:5] = [0.4897052049636841, 0.8705870509147644, 0.5, 0.5, 0.9854673743247986]
  [Phase2 DEBUG]   B=1, T=12, D=16, n_future=8
  [Phase2 DEBUG]   intrinsic offset = 4 (D-12)
  [Phase2 DEBUG]   b=0 t=4: perturbation_deg=3.75, actual_diff=3.75
  [Phase2 DEBUG] _patched called (call #3)
  [Phase2 DEBUG]   CORRUPTION_SCALE = 100.0
  [Phase2 DEBUG]   conditions is None? False
  [Phase2 DEBUG]   conditions.shape = torch.Size([1, 12, 16])
  [Phase2 DEBUG]   conditions dtype = torch.float32
  [Phase2 DEBUG]   conditions[0,0,:5] = [0.47701001167297363, 0.8480178713798523, 0.5, 0.5, 0.9936239123344421]
  [Phase2 DEBUG]   B=1, T=12, D=16, n_future=8
  [Phase2 DEBUG]   intrinsic offset = 4 (D-12)
  [Phase2 DEBUG]   b=0 t=4: perturbation_deg=3.75, actual_diff=3.75
  [Phase2 DEBUG] _patched called (call #4)
  [Phase2 DEBUG]   CORRUPTION_SCALE = 100.0
  [Phase2 DEBUG]   conditions is None? False
  [Phase2 DEBUG]   conditions.shape = torch.Size([1, 12, 16])
  [Phase2 DEBUG]   conditions dtype = torch.float32
  [Phase2 DEBUG]   conditions[0,0,:5] = [0.5400103330612183, 0.9600183367729187, 0.5, 0.5, 0.9688645601272583]
  [Phase2 DEBUG]   B=1, T=12, D=16, n_future=8
  [Phase2 DEBUG]   intrinsic offset = 4 (D-12)
  [Phase2 DEBUG]   b=0 t=4: perturbation_deg=3.75, actual_diff=3.75
  [Phase2 DEBUG] _patched called (call #5)
  [Phase2 DEBUG]   CORRUPTION_SCALE = 100.0
  [Phase2 DEBUG]   conditions is None? False
  [Phase2 DEBUG]   conditions.shape = torch.Size([1, 12, 16])
  [Phase2 DEBUG]   conditions dtype = torch.float32
  [Phase2 DEBUG]   conditions[0,0,:5] = [0.4771787226200104, 0.8483177423477173, 0.5, 0.5, 0.8840656280517578]
  [Phase2 DEBUG]   B=1, T=12, D=16, n_future=8
  [Phase2 DEBUG]   intrinsic offset = 4 (D-12)
  [Phase2 DEBUG]   b=0 t=4: perturbation_deg=3.75, actual_diff=3.75
  stdout (tail):
 ──────────┴───────────────────────────┘
Validation ━━━━━━━━━━━━━━━━━━━━━━━━━━━━━━━━━━━━ 5/5 0:01:45 • 0:00:00 0.05it/s 
[1;34mwandb[0m: 
[1;34mwandb[0m: You can sync this run to the cloud by running:
[1;34mwandb[0m: [1mwandb sync /orcd/home/002/akshatat/VisionResearch/diffusion-forcing-transformer/outputs/2026-02-24/14-18-37/wandb/offline-run-20260224_141841-y4kr7t93[0m
[1;34mwandb[0m: Find logs at: [1;35moutputs/2026-02-24/14-18-37/wandb/offline-run-20260224_141841-y4kr7t93/logs[0m

  Output dir: /orcd/home/002/akshatat/VisionResearch/diffusion-forcing-transformer/outputs/2026-02-24/14-18-37
    [GIF search] Hydra dir /orcd/home/002/akshatat/VisionResearch/diffusion-forcing-transformer/outputs/2026-02-24/14-18-37: 5 GIFs
  Found 5 GIFs
    sample_0000: saved 8 frames
    sample_0001: saved 8 frames
    sample_0002: saved 8 frames
    sample_0003: saved 8 frames
    sample_0004: saved 8 frames

  Step 5 complete!
  Scales generated: [10.0, 50.0, 100.0]
  Next: run step6_evaluate_phase2.py

=========================================
Step 5 Complete
=========================================
Exit code: 0
End time: Tue Feb 24 14:20:32 EST 2026

Phase 2 generated frames:
runs/action_mismatch/phase2/gt_frames_sample_0000/frame_0000.png
runs/action_mismatch/phase2/gt_frames_sample_0001/frame_0000.png
runs/action_mismatch/phase2/gt_frames_sample_0002/frame_0000.png
runs/action_mismatch/phase2/gt_frames_sample_0003/frame_0000.png
runs/action_mismatch/phase2/gt_frames_sample_0004/frame_0000.png
runs/action_mismatch/phase2/sample_0000_scale10.0/gen_frames/frame_0000.png
runs/action_mismatch/phase2/sample_0001_scale10.0/gen_frames/frame_0000.png
runs/action_mismatch/phase2/sample_0002_scale10.0/gen_frames/frame_0000.png
runs/action_mismatch/phase2/sample_0003_scale10.0/gen_frames/frame_0000.png
runs/action_mismatch/phase2/sample_0004_scale10.0/gen_frames/frame_0000.png
runs/action_mismatch/phase2/sample_0000_scale50.0/gen_frames/frame_0000.png
runs/action_mismatch/phase2/sample_0001_scale50.0/gen_frames/frame_0000.png
runs/action_mismatch/phase2/sample_0002_scale50.0/gen_frames/frame_0000.png
runs/action_mismatch/phase2/sample_0003_scale50.0/gen_frames/frame_0000.png
runs/action_mismatch/phase2/sample_0004_scale50.0/gen_frames/frame_0000.png
runs/action_mismatch/phase2/sample_0000_scale100.0/gen_frames/frame_0000.png
runs/action_mismatch/phase2/sample_0001_scale100.0/gen_frames/frame_0000.png
runs/action_mismatch/phase2/sample_0002_scale100.0/gen_frames/frame_0000.png
runs/action_mismatch/phase2/sample_0003_scale100.0/gen_frames/frame_0000.png
runs/action_mismatch/phase2/sample_0004_scale100.0/gen_frames/frame_0000.png
